#
# A fatal error has been detected by the Java Runtime Environment:
#
#  SIGSEGV (0xb) at pc=0x00007f34e54a2d8b, pid=635, tid=737
#
# JRE version: OpenJDK Runtime Environment Temurin-17.0.8.1+1 (17.0.8.1+1) (build 17.0.8.1+1)
# Java VM: OpenJDK 64-Bit Server VM Temurin-17.0.8.1+1 (17.0.8.1+1, mixed mode, tiered, compressed oops, compressed class ptrs, parallel gc, linux-amd64)
# Problematic frame:
# V  [libjvm.so+0x82bd8b]  java_lang_String::equals(oopDesc*, oopDesc*)+0x7b
#
# No core dump will be written. Core dumps have been disabled. To enable core dumping, try "ulimit -c unlimited" before starting Java again
#
# If you would like to submit a bug report, please visit:
#   https://github.com/adoptium/adoptium-support/issues
#

---------------  S U M M A R Y ------------

Command Line: --add-modules=ALL-SYSTEM --add-opens=java.base/java.util=ALL-UNNAMED --add-opens=java.base/java.lang=ALL-UNNAMED --add-opens=java.base/sun.nio.fs=ALL-UNNAMED -Declipse.application=org.eclipse.jdt.ls.core.id1 -Dosgi.bundles.defaultStartLevel=4 -Declipse.product=org.eclipse.jdt.ls.core.product -Djava.import.generatesMetadataFilesAtProjectRoot=false -DDetectVMInstallationsJob.disabled=true -Dfile.encoding=utf8 -XX:+UseParallelGC -XX:GCTimeRatio=4 -XX:AdaptiveSizePolicyWeight=90 -Dsun.zip.disableMemoryMapping=true -Xmx1G -Xms100m -Xlog:disable -javaagent:/home/dasankush/.vscode-server/extensions/redhat.java-1.22.0-linux-x64/lombok/lombok-1.18.28.jar /home/dasankush/.vscode-server/extensions/redhat.java-1.22.0-linux-x64/server/plugins/org.eclipse.equinox.launcher_1.6.500.v20230717-2134.jar -configuration /home/dasankush/.vscode-server/data/User/globalStorage/redhat.java/1.22.0/config_ss_linux -data /home/dasankush/.vscode-server/data/User/workspaceStorage/8f35f7819c436fae5b78fead4754038f/redhat.java/ss_ws

Host: 11th Gen Intel(R) Core(TM) i7-1165G7 @ 2.80GHz, 8 cores, 7G, Debian GNU/Linux 12 (bookworm)
Time: Wed Sep 13 20:54:34 2023 IST elapsed time: 3.811797 seconds (0d 0h 0m 3s)

---------------  T H R E A D  ---------------

Current thread (0x00007f345c2f3980):  JavaThread "Worker-0: Initialize Workspace" [_thread_in_vm, id=737, stack(0x00007f34c19fd000,0x00007f34c1afd000)]

Stack: [0x00007f34c19fd000,0x00007f34c1afd000],  sp=0x00007f34c1af9600,  free space=1009k
Native frames: (J=compiled Java code, j=interpreted, Vv=VM code, C=native code)
V  [libjvm.so+0x82bd8b]  java_lang_String::equals(oopDesc*, oopDesc*)+0x7b
V  [libjvm.so+0xdaa8ce]  StringTable::do_intern(Handle, unsigned short const*, int, unsigned long, JavaThread*)+0x22e
V  [libjvm.so+0xdab0a1]  StringTable::intern(Symbol*, JavaThread*)+0x51
V  [libjvm.so+0x82ef09]  java_lang_StackTraceElement::fill_in(Handle, InstanceKlass*, methodHandle const&, int, int, Symbol*, JavaThread*)+0x2f9
V  [libjvm.so+0x83795a]  java_lang_Throwable::get_stack_trace_elements(Handle, objArrayHandle, JavaThread*)+0x3ba
V  [libjvm.so+0x8f4850]  JVM_InitStackTraceElementArray+0xc0
j  java.lang.StackTraceElement.initStackTraceElements([Ljava/lang/StackTraceElement;Ljava/lang/Throwable;)V+0 java.base@17.0.8.1
j  java.lang.StackTraceElement.of(Ljava/lang/Throwable;I)[Ljava/lang/StackTraceElement;+30 java.base@17.0.8.1
j  java.lang.Throwable.getOurStackTrace()[Ljava/lang/StackTraceElement;+30 java.base@17.0.8.1
j  java.lang.Throwable.getStackTrace()[Ljava/lang/StackTraceElement;+1 java.base@17.0.8.1
v  ~StubRoutines::call_stub
V  [libjvm.so+0x827355]  JavaCalls::call_helper(JavaValue*, methodHandle const&, JavaCallArguments*, JavaThread*)+0x315
V  [libjvm.so+0x828b4b]  JavaCalls::call_virtual(JavaValue*, Handle, Klass*, Symbol*, Symbol*, JavaThread*)+0x1cb
V  [libjvm.so+0x83a948]  java_lang_Throwable::create_initialization_error(JavaThread*, Handle)+0x2f8
V  [libjvm.so+0x803666]  InstanceKlass::add_initialization_error(JavaThread*, Handle)+0x26
V  [libjvm.so+0x808154]  InstanceKlass::initialize_impl(JavaThread*)+0x7d4
V  [libjvm.so+0xa9252a]  LinkResolver::resolve_static_call(CallInfo&, LinkInfo const&, bool, JavaThread*)+0x15a
V  [libjvm.so+0xa92eeb]  LinkResolver::resolve_invoke(CallInfo&, Handle, constantPoolHandle const&, int, Bytecodes::Code, JavaThread*)+0x2bb
V  [libjvm.so+0x821ecf]  InterpreterRuntime::resolve_invoke(JavaThread*, Bytecodes::Code)+0x15f
V  [libjvm.so+0x8223f7]  InterpreterRuntime::resolve_from_cache(JavaThread*, Bytecodes::Code)+0x37
j  org.eclipse.jdt.internal.core.JavaModelManager.intern(Ljava/lang/String;)Ljava/lang/String;+1
j  org.eclipse.jdt.internal.core.JarPackageFragmentRoot.initRawPackageInfo(Lorg/eclipse/jdt/internal/core/util/HashtableOfArrayToObject;Ljava/lang/String;ZLjava/lang/String;)V+158
j  org.eclipse.jdt.internal.core.JrtPackageFragmentRoot$1.visitPackage(Ljava/nio/file/Path;Ljava/nio/file/Path;Ljava/nio/file/attribute/BasicFileAttributes;)Ljava/nio/file/FileVisitResult;+17
j  org.eclipse.jdt.internal.core.JrtPackageFragmentRoot$1.visitPackage(Ljava/lang/Object;Ljava/lang/Object;Ljava/nio/file/attribute/BasicFileAttributes;)Ljava/nio/file/FileVisitResult;+10
j  org.eclipse.jdt.internal.compiler.util.JrtFileSystem$2.preVisitDirectory(Ljava/nio/file/Path;Ljava/nio/file/attribute/BasicFileAttributes;)Ljava/nio/file/FileVisitResult;+130
j  org.eclipse.jdt.internal.compiler.util.JrtFileSystem$2.preVisitDirectory(Ljava/lang/Object;Ljava/nio/file/attribute/BasicFileAttributes;)Ljava/nio/file/FileVisitResult;+6
j  java.nio.file.Files.walkFileTree(Ljava/nio/file/Path;Ljava/util/Set;ILjava/nio/file/FileVisitor;)Ljava/nio/file/Path;+136 java.base@17.0.8.1
j  java.nio.file.Files.walkFileTree(Ljava/nio/file/Path;Ljava/nio/file/FileVisitor;)Ljava/nio/file/Path;+11 java.base@17.0.8.1
j  org.eclipse.jdt.internal.compiler.util.JrtFileSystem.walkModuleImage(Lorg/eclipse/jdt/internal/compiler/util/JRTUtil$JrtFileVisitor;I)V+14
j  org.eclipse.jdt.internal.compiler.util.JRTUtil.walkModuleImage(Ljava/io/File;Lorg/eclipse/jdt/internal/compiler/util/JRTUtil$JrtFileVisitor;I)V+14
j  org.eclipse.jdt.internal.core.JrtPackageFragmentRoot.computeChildren(Lorg/eclipse/jdt/internal/core/OpenableElementInfo;Lorg/eclipse/core/resources/IResource;)Z+52
j  org.eclipse.jdt.internal.core.PackageFragmentRoot.buildStructure(Lorg/eclipse/jdt/internal/core/OpenableElementInfo;Lorg/eclipse/core/runtime/IProgressMonitor;Ljava/util/Map;Lorg/eclipse/core/resources/IResource;)Z+17
j  org.eclipse.jdt.internal.core.Openable.generateInfos(Ljava/lang/Object;Ljava/util/HashMap;Lorg/eclipse/core/runtime/IProgressMonitor;)V+199
j  org.eclipse.jdt.internal.core.JavaElement.openWhenClosed(Ljava/lang/Object;ZLorg/eclipse/core/runtime/IProgressMonitor;)Ljava/lang/Object;+24
j  org.eclipse.jdt.internal.core.JavaElement.getElementInfo(Lorg/eclipse/core/runtime/IProgressMonitor;)Ljava/lang/Object;+23
j  org.eclipse.jdt.internal.core.JavaElement.getElementInfo()Ljava/lang/Object;+2
j  org.eclipse.jdt.internal.core.JavaElement.getChildren()[Lorg/eclipse/jdt/core/IJavaElement;+1
j  org.eclipse.jdt.internal.core.PackageFragmentRoot.getSourceModuleDescription()Lorg/eclipse/jdt/core/IModuleDescription;+1
j  org.eclipse.jdt.internal.core.PackageFragmentRoot.getModuleDescription()Lorg/eclipse/jdt/core/IModuleDescription;+8
j  org.eclipse.jdt.internal.core.JarPackageFragmentRoot.getModuleDescription()Lorg/eclipse/jdt/core/IModuleDescription;+10
j  org.eclipse.jdt.internal.core.JrtPackageFragmentRoot.getModule()Lorg/eclipse/jdt/internal/compiler/env/IModule;+1
j  org.eclipse.jdt.internal.core.JavaProject.lambda$1(Lorg/eclipse/jdt/core/IPackageFragmentRoot;)Lorg/eclipse/jdt/internal/compiler/env/IModule;+11
j  org.eclipse.jdt.internal.core.JavaProject$$Lambda$211+0x00000001003c4938.apply(Ljava/lang/Object;)Ljava/lang/Object;+4
j  org.eclipse.jdt.internal.core.JavaProject.internalDefaultRootModules(Ljava/lang/Iterable;Ljava/util/function/Function;Ljava/util/function/Function;)Ljava/util/List;+161
j  org.eclipse.jdt.internal.core.JavaProject.defaultRootModules(Ljava/lang/Iterable;)Ljava/util/List;+11
j  org.eclipse.jdt.internal.core.JavaProject.computePackageFragmentRoots(Lorg/eclipse/jdt/core/IClasspathEntry;Lorg/eclipse/jdt/internal/compiler/util/ObjectVector;Ljava/util/HashSet;Lorg/eclipse/jdt/core/IClasspathEntry;ZZLjava/util/Map;Z)V+376
j  org.eclipse.jdt.internal.core.JavaProject.computePackageFragmentRoots([Lorg/eclipse/jdt/core/IClasspathEntry;Lorg/eclipse/jdt/internal/compiler/util/ObjectVector;Ljava/util/HashSet;Lorg/eclipse/jdt/core/IClasspathEntry;ZZLjava/util/Map;Z)V+41
j  org.eclipse.jdt.internal.core.JavaProject.computePackageFragmentRoots([Lorg/eclipse/jdt/core/IClasspathEntry;ZZLjava/util/Map;Z)[Lorg/eclipse/jdt/core/IPackageFragmentRoot;+28
j  org.eclipse.jdt.internal.core.JavaProject.computePackageFragmentRoots([Lorg/eclipse/jdt/core/IClasspathEntry;ZZLjava/util/Map;)[Lorg/eclipse/jdt/core/IPackageFragmentRoot;+7
j  org.eclipse.jdt.internal.core.JavaProject.buildStructure(Lorg/eclipse/jdt/internal/core/OpenableElementInfo;Lorg/eclipse/core/runtime/IProgressMonitor;Ljava/util/Map;Lorg/eclipse/core/resources/IResource;)Z+12
j  org.eclipse.jdt.internal.core.Openable.generateInfos(Ljava/lang/Object;Ljava/util/HashMap;Lorg/eclipse/core/runtime/IProgressMonitor;)V+199
j  org.eclipse.jdt.internal.core.JavaElement.openWhenClosed(Ljava/lang/Object;ZLorg/eclipse/core/runtime/IProgressMonitor;)Ljava/lang/Object;+24
j  org.eclipse.jdt.internal.core.JavaElement.getElementInfo(Lorg/eclipse/core/runtime/IProgressMonitor;)Ljava/lang/Object;+23
j  org.eclipse.jdt.internal.core.JavaElement.getElementInfo()Ljava/lang/Object;+2
j  org.eclipse.jdt.internal.core.JavaElement.getChildren()[Lorg/eclipse/jdt/core/IJavaElement;+1
j  org.eclipse.jdt.internal.core.JavaProject.getPackageFragmentRoots()[Lorg/eclipse/jdt/core/IPackageFragmentRoot;+1
j  org.eclipse.jdt.internal.core.JavaProject.getPackageFragments()[Lorg/eclipse/jdt/core/IPackageFragment;+1
j  org.eclipse.jdt.ls.core.internal.managers.ProjectsManager.cleanupResources(Lorg/eclipse/core/resources/IProject;)V+11
j  org.eclipse.jdt.ls.core.internal.managers.ProjectsManager.initializeProjects(Ljava/util/Collection;Lorg/eclipse/core/runtime/IProgressMonitor;)V+48
j  org.eclipse.jdt.ls.core.internal.syntaxserver.SyntaxInitHandler$1.runInWorkspace(Lorg/eclipse/core/runtime/IProgressMonitor;)Lorg/eclipse/core/runtime/IStatus;+16
j  org.eclipse.core.internal.resources.InternalWorkspaceJob.run(Lorg/eclipse/core/runtime/IProgressMonitor;)Lorg/eclipse/core/runtime/IStatus;+39
j  org.eclipse.core.internal.jobs.Worker.run()V+32
v  ~StubRoutines::call_stub
V  [libjvm.so+0x827355]  JavaCalls::call_helper(JavaValue*, methodHandle const&, JavaCallArguments*, JavaThread*)+0x315
V  [libjvm.so+0x828b4b]  JavaCalls::call_virtual(JavaValue*, Handle, Klass*, Symbol*, Symbol*, JavaThread*)+0x1cb
V  [libjvm.so+0x8f3ae3]  thread_entry(JavaThread*, JavaThread*)+0xa3
V  [libjvm.so+0xe65584]  JavaThread::thread_main_inner()+0x184
V  [libjvm.so+0xe68d40]  Thread::call_run()+0xc0
V  [libjvm.so+0xc1e681]  thread_native_entry(Thread*)+0xe1

Java frames: (J=compiled Java code, j=interpreted, Vv=VM code)
j  java.lang.StackTraceElement.initStackTraceElements([Ljava/lang/StackTraceElement;Ljava/lang/Throwable;)V+0 java.base@17.0.8.1
j  java.lang.StackTraceElement.of(Ljava/lang/Throwable;I)[Ljava/lang/StackTraceElement;+30 java.base@17.0.8.1
j  java.lang.Throwable.getOurStackTrace()[Ljava/lang/StackTraceElement;+30 java.base@17.0.8.1
j  java.lang.Throwable.getStackTrace()[Ljava/lang/StackTraceElement;+1 java.base@17.0.8.1
v  ~StubRoutines::call_stub
j  org.eclipse.jdt.internal.core.JavaModelManager.intern(Ljava/lang/String;)Ljava/lang/String;+1
j  org.eclipse.jdt.internal.core.JarPackageFragmentRoot.initRawPackageInfo(Lorg/eclipse/jdt/internal/core/util/HashtableOfArrayToObject;Ljava/lang/String;ZLjava/lang/String;)V+158
j  org.eclipse.jdt.internal.core.JrtPackageFragmentRoot$1.visitPackage(Ljava/nio/file/Path;Ljava/nio/file/Path;Ljava/nio/file/attribute/BasicFileAttributes;)Ljava/nio/file/FileVisitResult;+17
j  org.eclipse.jdt.internal.core.JrtPackageFragmentRoot$1.visitPackage(Ljava/lang/Object;Ljava/lang/Object;Ljava/nio/file/attribute/BasicFileAttributes;)Ljava/nio/file/FileVisitResult;+10
j  org.eclipse.jdt.internal.compiler.util.JrtFileSystem$2.preVisitDirectory(Ljava/nio/file/Path;Ljava/nio/file/attribute/BasicFileAttributes;)Ljava/nio/file/FileVisitResult;+130
j  org.eclipse.jdt.internal.compiler.util.JrtFileSystem$2.preVisitDirectory(Ljava/lang/Object;Ljava/nio/file/attribute/BasicFileAttributes;)Ljava/nio/file/FileVisitResult;+6
j  java.nio.file.Files.walkFileTree(Ljava/nio/file/Path;Ljava/util/Set;ILjava/nio/file/FileVisitor;)Ljava/nio/file/Path;+136 java.base@17.0.8.1
j  java.nio.file.Files.walkFileTree(Ljava/nio/file/Path;Ljava/nio/file/FileVisitor;)Ljava/nio/file/Path;+11 java.base@17.0.8.1
j  org.eclipse.jdt.internal.compiler.util.JrtFileSystem.walkModuleImage(Lorg/eclipse/jdt/internal/compiler/util/JRTUtil$JrtFileVisitor;I)V+14
j  org.eclipse.jdt.internal.compiler.util.JRTUtil.walkModuleImage(Ljava/io/File;Lorg/eclipse/jdt/internal/compiler/util/JRTUtil$JrtFileVisitor;I)V+14
j  org.eclipse.jdt.internal.core.JrtPackageFragmentRoot.computeChildren(Lorg/eclipse/jdt/internal/core/OpenableElementInfo;Lorg/eclipse/core/resources/IResource;)Z+52
j  org.eclipse.jdt.internal.core.PackageFragmentRoot.buildStructure(Lorg/eclipse/jdt/internal/core/OpenableElementInfo;Lorg/eclipse/core/runtime/IProgressMonitor;Ljava/util/Map;Lorg/eclipse/core/resources/IResource;)Z+17
j  org.eclipse.jdt.internal.core.Openable.generateInfos(Ljava/lang/Object;Ljava/util/HashMap;Lorg/eclipse/core/runtime/IProgressMonitor;)V+199
j  org.eclipse.jdt.internal.core.JavaElement.openWhenClosed(Ljava/lang/Object;ZLorg/eclipse/core/runtime/IProgressMonitor;)Ljava/lang/Object;+24
j  org.eclipse.jdt.internal.core.JavaElement.getElementInfo(Lorg/eclipse/core/runtime/IProgressMonitor;)Ljava/lang/Object;+23
j  org.eclipse.jdt.internal.core.JavaElement.getElementInfo()Ljava/lang/Object;+2
j  org.eclipse.jdt.internal.core.JavaElement.getChildren()[Lorg/eclipse/jdt/core/IJavaElement;+1
j  org.eclipse.jdt.internal.core.PackageFragmentRoot.getSourceModuleDescription()Lorg/eclipse/jdt/core/IModuleDescription;+1
j  org.eclipse.jdt.internal.core.PackageFragmentRoot.getModuleDescription()Lorg/eclipse/jdt/core/IModuleDescription;+8
j  org.eclipse.jdt.internal.core.JarPackageFragmentRoot.getModuleDescription()Lorg/eclipse/jdt/core/IModuleDescription;+10
j  org.eclipse.jdt.internal.core.JrtPackageFragmentRoot.getModule()Lorg/eclipse/jdt/internal/compiler/env/IModule;+1
j  org.eclipse.jdt.internal.core.JavaProject.lambda$1(Lorg/eclipse/jdt/core/IPackageFragmentRoot;)Lorg/eclipse/jdt/internal/compiler/env/IModule;+11
j  org.eclipse.jdt.internal.core.JavaProject$$Lambda$211+0x00000001003c4938.apply(Ljava/lang/Object;)Ljava/lang/Object;+4
j  org.eclipse.jdt.internal.core.JavaProject.internalDefaultRootModules(Ljava/lang/Iterable;Ljava/util/function/Function;Ljava/util/function/Function;)Ljava/util/List;+161
j  org.eclipse.jdt.internal.core.JavaProject.defaultRootModules(Ljava/lang/Iterable;)Ljava/util/List;+11
j  org.eclipse.jdt.internal.core.JavaProject.computePackageFragmentRoots(Lorg/eclipse/jdt/core/IClasspathEntry;Lorg/eclipse/jdt/internal/compiler/util/ObjectVector;Ljava/util/HashSet;Lorg/eclipse/jdt/core/IClasspathEntry;ZZLjava/util/Map;Z)V+376
j  org.eclipse.jdt.internal.core.JavaProject.computePackageFragmentRoots([Lorg/eclipse/jdt/core/IClasspathEntry;Lorg/eclipse/jdt/internal/compiler/util/ObjectVector;Ljava/util/HashSet;Lorg/eclipse/jdt/core/IClasspathEntry;ZZLjava/util/Map;Z)V+41
j  org.eclipse.jdt.internal.core.JavaProject.computePackageFragmentRoots([Lorg/eclipse/jdt/core/IClasspathEntry;ZZLjava/util/Map;Z)[Lorg/eclipse/jdt/core/IPackageFragmentRoot;+28
j  org.eclipse.jdt.internal.core.JavaProject.computePackageFragmentRoots([Lorg/eclipse/jdt/core/IClasspathEntry;ZZLjava/util/Map;)[Lorg/eclipse/jdt/core/IPackageFragmentRoot;+7
j  org.eclipse.jdt.internal.core.JavaProject.buildStructure(Lorg/eclipse/jdt/internal/core/OpenableElementInfo;Lorg/eclipse/core/runtime/IProgressMonitor;Ljava/util/Map;Lorg/eclipse/core/resources/IResource;)Z+12
j  org.eclipse.jdt.internal.core.Openable.generateInfos(Ljava/lang/Object;Ljava/util/HashMap;Lorg/eclipse/core/runtime/IProgressMonitor;)V+199
j  org.eclipse.jdt.internal.core.JavaElement.openWhenClosed(Ljava/lang/Object;ZLorg/eclipse/core/runtime/IProgressMonitor;)Ljava/lang/Object;+24
j  org.eclipse.jdt.internal.core.JavaElement.getElementInfo(Lorg/eclipse/core/runtime/IProgressMonitor;)Ljava/lang/Object;+23
j  org.eclipse.jdt.internal.core.JavaElement.getElementInfo()Ljava/lang/Object;+2
j  org.eclipse.jdt.internal.core.JavaElement.getChildren()[Lorg/eclipse/jdt/core/IJavaElement;+1
j  org.eclipse.jdt.internal.core.JavaProject.getPackageFragmentRoots()[Lorg/eclipse/jdt/core/IPackageFragmentRoot;+1
j  org.eclipse.jdt.internal.core.JavaProject.getPackageFragments()[Lorg/eclipse/jdt/core/IPackageFragment;+1
j  org.eclipse.jdt.ls.core.internal.managers.ProjectsManager.cleanupResources(Lorg/eclipse/core/resources/IProject;)V+11
j  org.eclipse.jdt.ls.core.internal.managers.ProjectsManager.initializeProjects(Ljava/util/Collection;Lorg/eclipse/core/runtime/IProgressMonitor;)V+48
j  org.eclipse.jdt.ls.core.internal.syntaxserver.SyntaxInitHandler$1.runInWorkspace(Lorg/eclipse/core/runtime/IProgressMonitor;)Lorg/eclipse/core/runtime/IStatus;+16
j  org.eclipse.core.internal.resources.InternalWorkspaceJob.run(Lorg/eclipse/core/runtime/IProgressMonitor;)Lorg/eclipse/core/runtime/IStatus;+39
j  org.eclipse.core.internal.jobs.Worker.run()V+32
v  ~StubRoutines::call_stub

siginfo: si_signo: 11 (SIGSEGV), si_code: 1 (SEGV_MAPERR), si_addr: 0x000000000000000c

Register to memory mapping:

RAX=0x0 is NULL
RBX=
[error occurred during error reporting (printing register info), id 0xb, SIGSEGV (0xb) at pc=0x00007f34e58b36ac]

Registers:
RAX=0x0000000000000000, RBX=0x00000000c03a3940, RCX=0x0000000000000000, RDX=0x0000000000000000
RSP=0x00007f34c1af9600, RBP=0x00007f34c1af9620, RSI=0x0000000000000014, RDI=0x0000000000000010
R8 =0x0000000000000000, R9 =0x0000000000000040, R10=0x0000000000000000, R11=0x0000000000000020
R12=0x00000000eb0c4a01, R13=0x00000000eb0c4a88, R14=0x00007f34e04fbaf8, R15=0x0000000000000001
RIP=0x00007f34e54a2d8b, EFLAGS=0x0000000000010246, CSGSFS=0x002b000000000033, ERR=0x0000000000000004
  TRAPNO=0x000000000000000e

Top of Stack: (sp=0x00007f34c1af9600)
0x00007f34c1af9600:   00007f34a8021b50 0000000000000000
0x00007f34c1af9610:   00007f34982cfca0 00007f34e04fc3a0
0x00007f34c1af9620:   00007f34c1af9730 00007f34e5a218ce
0x00007f34c1af9630:   00007f34c1af96c0 00007f34c1af9698 

Instructions: (pc=0x00007f34e54a2d8b)
0x00007f34e54a2c8b:   3c 41 66 41 39 3c 44 74 ec 31 c0 48 83 c4 08 5b
0x00007f34e54a2c9b:   41 5c 41 5d 5d c3 0f 1f 80 00 00 00 00 31 c0 39
0x00007f34e54a2cab:   d3 75 e8 85 db 7e 3e 80 3e 01 19 c0 83 e0 04 48
0x00007f34e54a2cbb:   8d 50 17 31 c0 83 e2 38 48 8d 34 11 eb 10 0f 1f
0x00007f34e54a2ccb:   80 00 00 00 00 48 83 c0 01 48 39 c3 74 17 0f b6
0x00007f34e54a2cdb:   0c 06 66 41 39 0c 44 74 ec eb ae 66 2e 0f 1f 84
0x00007f34e54a2ceb:   00 00 00 00 00 48 83 c4 08 b8 01 00 00 00 5b 41
0x00007f34e54a2cfb:   5c 41 5d 5d c3 85 db 0f 94 c0 48 83 c4 08 5b 41
0x00007f34e54a2d0b:   5c 41 5d 5d c3 55 48 89 e5 41 55 41 54 49 89 fc
0x00007f34e54a2d1b:   53 48 89 f3 48 83 ec 08 48 63 35 6e c8 ad 00 ff
0x00007f34e54a2d2b:   15 38 50 a9 00 48 63 35 61 c8 ad 00 48 89 df 49
0x00007f34e54a2d3b:   89 c5 48 63 05 48 c8 ad 00 41 80 3c 04 00 41 0f
0x00007f34e54a2d4b:   94 c4 ff 15 15 50 a9 00 48 63 15 32 c8 ad 00 80
0x00007f34e54a2d5b:   3c 13 00 0f 94 c2 45 31 c0 44 38 e2 75 31 4c 39
0x00007f34e54a2d6b:   e8 74 42 48 8d 15 d0 a4 ad 00 80 3a 01 48 19 ff
0x00007f34e54a2d7b:   83 e7 08 48 83 c7 10 80 3a 01 48 19 d2 83 e2 04
0x00007f34e54a2d8b:   8b 4c 10 0c 48 83 c2 0c 41 39 4c 15 00 74 2e 48
0x00007f34e54a2d9b:   83 c4 08 44 89 c0 5b 41 5c 41 5d 5d c3 0f 1f 84
0x00007f34e54a2dab:   00 00 00 00 00 48 83 c4 08 41 b8 01 00 00 00 5b
0x00007f34e54a2dbb:   44 89 c0 41 5c 41 5d 5d c3 0f 1f 40 00 48 8d 34
0x00007f34e54a2dcb:   38 48 63 d1 4c 01 ef e8 89 80 a2 ff 85 c0 41 0f
0x00007f34e54a2ddb:   94 c0 48 83 c4 08 5b 44 89 c0 41 5c 41 5d 5d c3
0x00007f34e54a2deb:   90 0f 1f 40 00 55 48 89 e5 41 57 41 56 41 55 49
0x00007f34e54a2dfb:   89 f5 41 54 53 48 89 fb 48 83 ec 18 48 63 35 8a
0x00007f34e54a2e0b:   c7 ad 00 ff 15 54 4f a9 00 48 8d 35 53 72 79 00
0x00007f34e54a2e1b:   48 85 c0 0f 84 93 00 00 00 49 89 c4 48 8d 05 17
0x00007f34e54a2e2b:   a4 ad 00 80 38 01 48 19 c0 83 e0 04 4d 63 74 04
0x00007f34e54a2e3b:   0c 48 63 05 49 c7 ad 00 80 3c 03 00 0f 84 83 00
0x00007f34e54a2e4b:   00 00 44 89 f2 48 8d 35 71 fa 75 00 4c 89 ef 31
0x00007f34e54a2e5b:   c0 d1 fa 31 db 4c 8d 35 29 4b 77 00 89 55 cc e8
0x00007f34e54a2e6b:   41 f5 3f 00 4c 63 7d cc 4c 89 fa 4d 01 ff 85 d2
0x00007f34e54a2e7b:   7f 1f eb 31 90 41 0f b7 54 1c 10 4c 89 f6 4c 89 


Stack slot to memory mapping:
stack at sp + 0 slots: 0x00007f34a8021b50 points into unknown readable memory: 0x0064006e00690066 | 66 00 69 00 6e 00 64 00
stack at sp + 1 slots: 0x0 is NULL
stack at sp + 2 slots: 0x00007f34982cfca0 points into unknown readable memory: 0x0000000000000000 | 00 00 00 00 00 00 00 00
stack at sp + 3 slots: 0x00007f34e04fc3a0 points into unknown readable memory: 0x0000000000000000 | 00 00 00 00 00 00 00 00
stack at sp + 4 slots: 0x00007f34c1af9730 is pointing into the stack for thread: 0x00007f345c2f3980
stack at sp + 5 slots: 0x00007f34e5a218ce: <offset 0x0000000000daa8ce> in /home/dasankush/.vscode-server/extensions/redhat.java-1.22.0-linux-x64/jre/17.0.8.1-linux-x86_64/lib/server/libjvm.so at 0x00007f34e4c77000
stack at sp + 6 slots: 0x00007f34c1af96c0 is pointing into the stack for thread: 0x00007f345c2f3980
stack at sp + 7 slots: 0x00007f34c1af9698 is pointing into the stack for thread: 0x00007f345c2f3980


---------------  P R O C E S S  ---------------

Threads class SMR info:
_java_thread_list=0x00007f34e06bf270, length=25, elements={
0x00007f34e0027d50, 0x00007f34e01e75c0, 0x00007f34e01e8b40, 0x00007f34e020fe10,
0x00007f34e0213700, 0x00007f34e02146a0, 0x00007f34e0215d00, 0x00007f34e02171c0,
0x00007f34e0220600, 0x00007f34e02af070, 0x00007f34e03bfa70, 0x00007f34e04cd4c0,
0x00007f34e05c0af0, 0x00007f34e0617400, 0x00007f34e061a290, 0x00007f345c033820,
0x00007f345c0b9140, 0x00007f345c233d90, 0x00007f345c2f3980, 0x00007f345c2fcdb0,
0x00007f349c1d5a20, 0x00007f349c462ed0, 0x00007f34e062cbe0, 0x00007f34e06b0770,
0x00007f34e06be310
}

Java Threads: ( => current thread )
  0x00007f34e0027d50 JavaThread "main" [_thread_blocked, id=636, stack(0x00007f34e4a93000,0x00007f34e4b93000)]
  0x00007f34e01e75c0 JavaThread "Unknown thread" [_thread_blocked, id=659, stack(0x00007f34c25e6000,0x00007f34c26e6000)]
  0x00007f34e01e8b40 JavaThread "Unknown thread" [_thread_blocked, id=660, stack(0x00007f34c24e6000,0x00007f34c25e6000)]
  0x00007f34e020fe10 JavaThread "Unknown thread" [_thread_blocked, id=664, stack(0x00007f34c20fd000,0x00007f34c21fd000)]
  0x00007f34e0213700 JavaThread "Service Thread" daemon [_thread_blocked, id=665, stack(0x00007f34c1ffd000,0x00007f34c20fd000)]
  0x00007f34e02146a0 JavaThread "Monitor Deflation Thread" daemon [_thread_blocked, id=666, stack(0x00007f34c1efd000,0x00007f34c1ffd000)]
  0x00007f34e0215d00 JavaThread "C2 CompilerThread0" daemon [_thread_blocked, id=667, stack(0x00007f34c1dfd000,0x00007f34c1efd000)]
  0x00007f34e02171c0 JavaThread "C1 CompilerThread0" daemon [_thread_blocked, id=668, stack(0x00007f34c1cfd000,0x00007f34c1dfd000)]
  0x00007f34e0220600 JavaThread "Sweeper thread" daemon [_thread_blocked, id=669, stack(0x00007f34c1bfd000,0x00007f34c1cfd000)]
  0x00007f34e02af070 JavaThread "Unknown thread" [_thread_blocked, id=683, stack(0x00007f34c1afd000,0x00007f34c1bfd000)]
  0x00007f34e03bfa70 JavaThread "Unknown thread" [_thread_blocked, id=687, stack(0x00007f34c18fd000,0x00007f34c19fd000)]
  0x00007f34e04cd4c0 JavaThread "Unknown thread" [_thread_blocked, id=698, stack(0x00007f34e405e000,0x00007f34e4080000)]
  0x00007f34e05c0af0 JavaThread "Active Thread: Equinox Container: fc2b0e24-801d-4ba9-8c25-3fb5e6b83d47" [_thread_blocked, id=724, stack(0x00007f34c0fef000,0x00007f34c10ef000)]
  0x00007f34e0617400 JavaThread "Framework Event Dispatcher: Equinox Container: fc2b0e24-801d-4ba9-8c25-3fb5e6b83d47" daemon [_thread_blocked, id=727, stack(0x00007f34c0eef000,0x00007f34c0fef000)]
  0x00007f34e061a290 JavaThread "Unknown thread" [_thread_blocked, id=729, stack(0x00007f34c0def000,0x00007f34c0eef000)]
  0x00007f345c033820 JavaThread "SCR Component Actor" daemon [_thread_blocked, id=730, stack(0x00007f34c0cef000,0x00007f34c0def000)]
  0x00007f345c0b9140 JavaThread "SCR Component Registry" daemon [_thread_blocked, id=733, stack(0x00007f34c16fb000,0x00007f34c17fb000)]
  0x00007f345c233d90 JavaThread "Unknown thread" [_thread_blocked, id=734, stack(0x00007f34c07fe000,0x00007f34c08fe000)]
=>0x00007f345c2f3980 JavaThread "Worker-0: Initialize Workspace" [_thread_in_vm, id=737, stack(0x00007f34c19fd000,0x00007f34c1afd000)]
  0x00007f345c2fcdb0 JavaThread "Worker-1" [_thread_blocked, id=738, stack(0x00007f34c06fe000,0x00007f34c07fe000)]
  0x00007f349c1d5a20 JavaThread "C2 CompilerThread1" daemon [_thread_blocked, id=740, stack(0x00007f34c05fe000,0x00007f34c06fe000)]
  0x00007f349c462ed0 JavaThread "C2 CompilerThread2" daemon [_thread_blocked, id=752, stack(0x00007f34c04fe000,0x00007f34c05fe000)]
  0x00007f34e062cbe0 JavaThread "pool-2-thread-1" [_thread_blocked, id=753, stack(0x00007f34c03fe000,0x00007f34c04fe000)]
  0x00007f34e06b0770 JavaThread "WorkspaceEventsHandler" [_thread_blocked, id=754, stack(0x00007f34c02fe000,0x00007f34c03fe000)]
  0x00007f34e06be310 JavaThread "pool-1-thread-1" [_thread_blocked, id=755, stack(0x00007f34c01fe000,0x00007f34c02fe000)]

Other Threads:
  0x00007f34e0068fd0 VMThread "VM Thread" [stack: 0x00007f34c26e8000,0x00007f34c27e8000] [id=658]
  0x00007f34e0071c80 WatcherThread [stack: 0x00007f34c17fd000,0x00007f34c18fd000] [id=688]
  0x00007f34e003f350 GCTaskThread "GC Thread#0" [stack: 0x00007f34e4552000,0x00007f34e4652000] [id=637]
  0x00007f34bc001250 GCTaskThread "GC Thread#1" [stack: 0x00007f34c15fb000,0x00007f34c16fb000] [id=712]
  0x00007f34bc0030c0 GCTaskThread "GC Thread#2" [stack: 0x00007f34c14f9000,0x00007f34c15f9000] [id=718]
  0x00007f34bc003a70 GCTaskThread "GC Thread#3" [stack: 0x00007f34c13f7000,0x00007f34c14f7000] [id=719]
  0x00007f34bc004420 GCTaskThread "GC Thread#4" [stack: 0x00007f34c12f5000,0x00007f34c13f5000] [id=720]
  0x00007f34bc004dd0 GCTaskThread "GC Thread#5" [stack: 0x00007f34c11f3000,0x00007f34c12f3000] [id=721]
  0x00007f34bc0057c0 GCTaskThread "GC Thread#6" [stack: 0x00007f34c10f1000,0x00007f34c11f1000] [id=722]
  0x00007f34bc006610 GCTaskThread "GC Thread#7" [stack: 0x00007f34c0900000,0x00007f34c0a00000] [id=732]

Threads with active compile tasks:

VM state: not at safepoint (normal execution)

VM Mutex/Monitor currently owned by a thread: None

Heap address: 0x00000000c0000000, size: 1024 MB, Compressed Oops mode: 32-bit

CDS archive(s) not mapped
Compressed class space mapped at: 0x0000000100000000-0x0000000140000000, reserved size: 1073741824
Narrow klass base: 0x0000000000000000, Narrow klass shift: 3, Narrow klass range: 0x140000000

GC Precious Log:
 CPUs: 8 total, 8 available
 Memory: 7645M
 Large Page Support: Disabled
 NUMA Support: Disabled
 Compressed Oops: Enabled (32-bit)
 Alignments: Space 512K, Generation 512K, Heap 2M
 Heap Min Capacity: 100M
 Heap Initial Capacity: 100M
 Heap Max Capacity: 1G
 Pre-touch: Disabled
 Parallel Workers: 8

Heap:
 PSYoungGen      total 27136K, used 5935K [0x00000000eab00000, 0x00000000ec900000, 0x0000000100000000)
  eden space 24064K, 24% used [0x00000000eab00000,0x00000000eb0cbfb8,0x00000000ec280000)
  from space 3072K, 0% used [0x00000000ec600000,0x00000000ec600000,0x00000000ec900000)
  to   space 3072K, 0% used [0x00000000ec300000,0x00000000ec300000,0x00000000ec600000)
 ParOldGen       total 68608K, used 10789K [0x00000000c0000000, 0x00000000c4300000, 0x00000000eab00000)
  object space 68608K, 15% used [0x00000000c0000000,0x00000000c0a896a0,0x00000000c4300000)
 Metaspace       used 35490K, committed 36224K, reserved 1114112K
  class space    used 3615K, committed 3904K, reserved 1048576K

Card table byte_map: [0x00007f34e4652000,0x00007f34e4853000] _byte_map_base: 0x00007f34e4052000

Marking Bits: (ParMarkBitMap*) 0x00007f34e5f98ba0
 Begin Bits: [0x00007f34cc3e5000, 0x00007f34cd3e5000)
 End Bits:   [0x00007f34cd3e5000, 0x00007f34ce3e5000)

Polling page: 0x00007f34e61e7000

Metaspace:

Usage:
  Non-class:     31.13 MB used.
      Class:      3.53 MB used.
       Both:     34.66 MB used.

Virtual space:
  Non-class space:       64.00 MB reserved,      31.56 MB ( 49%) committed,  1 nodes.
      Class space:        1.00 GB reserved,       3.81 MB ( <1%) committed,  1 nodes.
             Both:        1.06 GB reserved,      35.38 MB (  3%) committed. 

Chunk freelists:
   Non-Class:  80.00 KB
       Class:  12.13 MB
        Both:  12.21 MB

MaxMetaspaceSize: unlimited
CompressedClassSpaceSize: 1.00 GB
Initial GC threshold: 21.00 MB
Current GC threshold: 58.38 MB
CDS: off
MetaspaceReclaimPolicy: balanced
 - commit_granule_bytes: 65536.
 - commit_granule_words: 8192.
 - virtual_space_node_default_size: 8388608.
 - enlarge_chunks_in_place: 1.
 - new_chunks_are_fully_committed: 0.
 - uncommit_free_chunks: 1.
 - use_allocation_guard: 0.
 - handle_deallocations: 1.


Internal statistics:

num_allocs_failed_limit: 6.
num_arena_births: 352.
num_arena_deaths: 14.
num_vsnodes_births: 2.
num_vsnodes_deaths: 0.
num_space_committed: 566.
num_space_uncommitted: 0.
num_chunks_returned_to_freelist: 20.
num_chunks_taken_from_freelist: 1421.
num_chunk_merges: 7.
num_chunk_splits: 935.
num_chunks_enlarged: 629.
num_inconsistent_stats: 0.

CodeHeap 'non-profiled nmethods': size=120028Kb used=1285Kb max_used=1285Kb free=118742Kb
 bounds [0x00007f34d5eae000, 0x00007f34d611e000, 0x00007f34dd3e5000]
CodeHeap 'profiled nmethods': size=120028Kb used=6380Kb max_used=6380Kb free=113647Kb
 bounds [0x00007f34ce3e5000, 0x00007f34cea25000, 0x00007f34d591c000]
CodeHeap 'non-nmethods': size=5704Kb used=1270Kb max_used=1299Kb free=4433Kb
 bounds [0x00007f34d591c000, 0x00007f34d5b8c000, 0x00007f34d5eae000]
 total_blobs=3767 nmethods=3185 adapters=496
 compilation: enabled
              stopped_count=0, restarted_count=0
 full_count=0

Compilation events (20 events):
Event: 3.772 Thread 0x00007f34e02171c0 nmethod 3174 0x00007f34cea1b810 code [0x00007f34cea1b9c0, 0x00007f34cea1bb60]
Event: 3.772 Thread 0x00007f34e02171c0 3184       3       java.util.ArrayDeque::pop (5 bytes)
Event: 3.772 Thread 0x00007f34e02171c0 nmethod 3184 0x00007f34cea1bc10 code [0x00007f34cea1bde0, 0x00007f34cea1c070]
Event: 3.772 Thread 0x00007f34e02171c0 3185       3       java.util.ArrayDeque::removeFirst (19 bytes)
Event: 3.772 Thread 0x00007f34e02171c0 nmethod 3185 0x00007f34cea1c190 code [0x00007f34cea1c360, 0x00007f34cea1c5b0]
Event: 3.772 Thread 0x00007f34e02171c0 3183  s    3       jdk.internal.jrtfs.JrtDirectoryStream::close (6 bytes)
Event: 3.773 Thread 0x00007f34e02171c0 nmethod 3183 0x00007f34cea1c690 code [0x00007f34cea1c820, 0x00007f34cea1c9d0]
Event: 3.773 Thread 0x00007f34e02171c0 3164       3       java.util.stream.AbstractPipeline$$Lambda$78/0x0000000100125910::get (8 bytes)
Event: 3.773 Thread 0x00007f34e02171c0 nmethod 3164 0x00007f34cea1ca90 code [0x00007f34cea1cc40, 0x00007f34cea1cde0]
Event: 3.773 Thread 0x00007f34e02171c0 3165       3       java.util.stream.AbstractPipeline::lambda$spliterator$0 (6 bytes)
Event: 3.773 Thread 0x00007f34e02171c0 nmethod 3165 0x00007f34cea1cf10 code [0x00007f34cea1d0c0, 0x00007f34cea1d200]
Event: 3.773 Thread 0x00007f34e02171c0 3167       3       java.util.stream.StreamSpliterators$WrappingSpliterator::initPartialTraversalState (46 bytes)
Event: 3.773 Thread 0x00007f34e02171c0 nmethod 3167 0x00007f34cea1d290 code [0x00007f34cea1d520, 0x00007f34cea1e1a0]
Event: 3.773 Thread 0x00007f34e02171c0 3168       3       java.util.stream.StreamSpliterators$WrappingSpliterator$$Lambda$79/0x0000000100126768::<init> (10 bytes)
Event: 3.774 Thread 0x00007f34e02171c0 nmethod 3168 0x00007f34cea1e610 code [0x00007f34cea1e7c0, 0x00007f34cea1e930]
Event: 3.774 Thread 0x00007f34e02171c0 3169       3       java.util.stream.StreamSpliterators$WrappingSpliterator$$Lambda$80/0x0000000100126c18::<init> (10 bytes)
Event: 3.774 Thread 0x00007f34e02171c0 nmethod 3169 0x00007f34cea1ea10 code [0x00007f34cea1ebc0, 0x00007f34cea1ed30]
Event: 3.790 Thread 0x00007f34e02171c0 3186       3       java.lang.invoke.LambdaFormEditor::getInCache (165 bytes)
Event: 3.791 Thread 0x00007f34e02171c0 nmethod 3186 0x00007f34cea1ee10 code [0x00007f34cea1f0a0, 0x00007f34cea1ff10]
Event: 3.800 Thread 0x00007f349c462ed0 nmethod 3157 0x00007f34d5fee090 code [0x00007f34d5fee2a0, 0x00007f34d5feef00]

GC Heap History (20 events):
Event: 0.942 GC heap before
{Heap before GC invocations=1 (full 0):
 PSYoungGen      total 29696K, used 25600K [0x00000000eab00000, 0x00000000ecc00000, 0x0000000100000000)
  eden space 25600K, 100% used [0x00000000eab00000,0x00000000ec400000,0x00000000ec400000)
  from space 4096K, 0% used [0x00000000ec800000,0x00000000ec800000,0x00000000ecc00000)
  to   space 4096K, 0% used [0x00000000ec400000,0x00000000ec400000,0x00000000ec800000)
 ParOldGen       total 68608K, used 0K [0x00000000c0000000, 0x00000000c4300000, 0x00000000eab00000)
  object space 68608K, 0% used [0x00000000c0000000,0x00000000c0000000,0x00000000c4300000)
 Metaspace       used 11368K, committed 11584K, reserved 1114112K
  class space    used 1143K, committed 1280K, reserved 1048576K
}
Event: 0.949 GC heap after
{Heap after GC invocations=1 (full 0):
 PSYoungGen      total 29696K, used 3145K [0x00000000eab00000, 0x00000000ecc00000, 0x0000000100000000)
  eden space 25600K, 0% used [0x00000000eab00000,0x00000000eab00000,0x00000000ec400000)
  from space 4096K, 76% used [0x00000000ec400000,0x00000000ec7124b0,0x00000000ec800000)
  to   space 4096K, 0% used [0x00000000ec800000,0x00000000ec800000,0x00000000ecc00000)
 ParOldGen       total 68608K, used 16K [0x00000000c0000000, 0x00000000c4300000, 0x00000000eab00000)
  object space 68608K, 0% used [0x00000000c0000000,0x00000000c0004000,0x00000000c4300000)
 Metaspace       used 11368K, committed 11584K, reserved 1114112K
  class space    used 1143K, committed 1280K, reserved 1048576K
}
Event: 1.389 GC heap before
{Heap before GC invocations=2 (full 0):
 PSYoungGen      total 29696K, used 28745K [0x00000000eab00000, 0x00000000ecc00000, 0x0000000100000000)
  eden space 25600K, 100% used [0x00000000eab00000,0x00000000ec400000,0x00000000ec400000)
  from space 4096K, 76% used [0x00000000ec400000,0x00000000ec7124b0,0x00000000ec800000)
  to   space 4096K, 0% used [0x00000000ec800000,0x00000000ec800000,0x00000000ecc00000)
 ParOldGen       total 68608K, used 16K [0x00000000c0000000, 0x00000000c4300000, 0x00000000eab00000)
  object space 68608K, 0% used [0x00000000c0000000,0x00000000c0004000,0x00000000c4300000)
 Metaspace       used 15707K, committed 15936K, reserved 1114112K
  class space    used 1624K, committed 1728K, reserved 1048576K
}
Event: 1.395 GC heap after
{Heap after GC invocations=2 (full 0):
 PSYoungGen      total 29696K, used 4095K [0x00000000eab00000, 0x00000000ecc00000, 0x0000000100000000)
  eden space 25600K, 0% used [0x00000000eab00000,0x00000000eab00000,0x00000000ec400000)
  from space 4096K, 99% used [0x00000000ec800000,0x00000000ecbffcd0,0x00000000ecc00000)
  to   space 4096K, 0% used [0x00000000ec400000,0x00000000ec400000,0x00000000ec800000)
 ParOldGen       total 68608K, used 686K [0x00000000c0000000, 0x00000000c4300000, 0x00000000eab00000)
  object space 68608K, 0% used [0x00000000c0000000,0x00000000c00ab810,0x00000000c4300000)
 Metaspace       used 15707K, committed 15936K, reserved 1114112K
  class space    used 1624K, committed 1728K, reserved 1048576K
}
Event: 1.917 GC heap before
{Heap before GC invocations=3 (full 0):
 PSYoungGen      total 29696K, used 29689K [0x00000000eab00000, 0x00000000ecc00000, 0x0000000100000000)
  eden space 25600K, 99% used [0x00000000eab00000,0x00000000ec3fe818,0x00000000ec400000)
  from space 4096K, 99% used [0x00000000ec800000,0x00000000ecbffcd0,0x00000000ecc00000)
  to   space 4096K, 0% used [0x00000000ec400000,0x00000000ec400000,0x00000000ec800000)
 ParOldGen       total 68608K, used 686K [0x00000000c0000000, 0x00000000c4300000, 0x00000000eab00000)
  object space 68608K, 0% used [0x00000000c0000000,0x00000000c00ab810,0x00000000c4300000)
 Metaspace       used 20694K, committed 21184K, reserved 1114112K
  class space    used 2138K, committed 2368K, reserved 1048576K
}
Event: 1.923 GC heap after
{Heap after GC invocations=3 (full 0):
 PSYoungGen      total 29696K, used 4073K [0x00000000eab00000, 0x00000000ecc00000, 0x0000000100000000)
  eden space 25600K, 0% used [0x00000000eab00000,0x00000000eab00000,0x00000000ec400000)
  from space 4096K, 99% used [0x00000000ec400000,0x00000000ec7fa6d0,0x00000000ec800000)
  to   space 4096K, 0% used [0x00000000ec800000,0x00000000ec800000,0x00000000ecc00000)
 ParOldGen       total 68608K, used 2802K [0x00000000c0000000, 0x00000000c4300000, 0x00000000eab00000)
  object space 68608K, 4% used [0x00000000c0000000,0x00000000c02bca58,0x00000000c4300000)
 Metaspace       used 20694K, committed 21184K, reserved 1114112K
  class space    used 2138K, committed 2368K, reserved 1048576K
}
Event: 1.953 GC heap before
{Heap before GC invocations=4 (full 0):
 PSYoungGen      total 29696K, used 6300K [0x00000000eab00000, 0x00000000ecc00000, 0x0000000100000000)
  eden space 25600K, 8% used [0x00000000eab00000,0x00000000ead2cad0,0x00000000ec400000)
  from space 4096K, 99% used [0x00000000ec400000,0x00000000ec7fa6d0,0x00000000ec800000)
  to   space 4096K, 0% used [0x00000000ec800000,0x00000000ec800000,0x00000000ecc00000)
 ParOldGen       total 68608K, used 2802K [0x00000000c0000000, 0x00000000c4300000, 0x00000000eab00000)
  object space 68608K, 4% used [0x00000000c0000000,0x00000000c02bca58,0x00000000c4300000)
 Metaspace       used 21080K, committed 21504K, reserved 1114112K
  class space    used 2174K, committed 2368K, reserved 1048576K
}
Event: 1.955 GC heap after
{Heap after GC invocations=4 (full 0):
 PSYoungGen      total 29696K, used 4094K [0x00000000eab00000, 0x00000000ecc00000, 0x0000000100000000)
  eden space 25600K, 0% used [0x00000000eab00000,0x00000000eab00000,0x00000000ec400000)
  from space 4096K, 99% used [0x00000000ec800000,0x00000000ecbff9f8,0x00000000ecc00000)
  to   space 4096K, 0% used [0x00000000ec400000,0x00000000ec400000,0x00000000ec800000)
 ParOldGen       total 68608K, used 2919K [0x00000000c0000000, 0x00000000c4300000, 0x00000000eab00000)
  object space 68608K, 4% used [0x00000000c0000000,0x00000000c02d9c28,0x00000000c4300000)
 Metaspace       used 21080K, committed 21504K, reserved 1114112K
  class space    used 2174K, committed 2368K, reserved 1048576K
}
Event: 1.955 GC heap before
{Heap before GC invocations=5 (full 1):
 PSYoungGen      total 29696K, used 4094K [0x00000000eab00000, 0x00000000ecc00000, 0x0000000100000000)
  eden space 25600K, 0% used [0x00000000eab00000,0x00000000eab00000,0x00000000ec400000)
  from space 4096K, 99% used [0x00000000ec800000,0x00000000ecbff9f8,0x00000000ecc00000)
  to   space 4096K, 0% used [0x00000000ec400000,0x00000000ec400000,0x00000000ec800000)
 ParOldGen       total 68608K, used 2919K [0x00000000c0000000, 0x00000000c4300000, 0x00000000eab00000)
  object space 68608K, 4% used [0x00000000c0000000,0x00000000c02d9c28,0x00000000c4300000)
 Metaspace       used 21080K, committed 21504K, reserved 1114112K
  class space    used 2174K, committed 2368K, reserved 1048576K
}
Event: 1.977 GC heap after
{Heap after GC invocations=5 (full 1):
 PSYoungGen      total 29696K, used 0K [0x00000000eab00000, 0x00000000ecc00000, 0x0000000100000000)
  eden space 25600K, 0% used [0x00000000eab00000,0x00000000eab00000,0x00000000ec400000)
  from space 4096K, 0% used [0x00000000ec800000,0x00000000ec800000,0x00000000ecc00000)
  to   space 4096K, 0% used [0x00000000ec400000,0x00000000ec400000,0x00000000ec800000)
 ParOldGen       total 68608K, used 6785K [0x00000000c0000000, 0x00000000c4300000, 0x00000000eab00000)
  object space 68608K, 9% used [0x00000000c0000000,0x00000000c06a05e0,0x00000000c4300000)
 Metaspace       used 21067K, committed 21504K, reserved 1114112K
  class space    used 2171K, committed 2368K, reserved 1048576K
}
Event: 2.201 GC heap before
{Heap before GC invocations=6 (full 1):
 PSYoungGen      total 29696K, used 25579K [0x00000000eab00000, 0x00000000ecc00000, 0x0000000100000000)
  eden space 25600K, 99% used [0x00000000eab00000,0x00000000ec3fadf8,0x00000000ec400000)
  from space 4096K, 0% used [0x00000000ec800000,0x00000000ec800000,0x00000000ecc00000)
  to   space 4096K, 0% used [0x00000000ec400000,0x00000000ec400000,0x00000000ec800000)
 ParOldGen       total 68608K, used 6785K [0x00000000c0000000, 0x00000000c4300000, 0x00000000eab00000)
  object space 68608K, 9% used [0x00000000c0000000,0x00000000c06a05e0,0x00000000c4300000)
 Metaspace       used 24491K, committed 24960K, reserved 1114112K
  class space    used 2435K, committed 2624K, reserved 1048576K
}
Event: 2.202 GC heap after
{Heap after GC invocations=6 (full 1):
 PSYoungGen      total 26112K, used 538K [0x00000000eab00000, 0x00000000ec880000, 0x0000000100000000)
  eden space 25088K, 0% used [0x00000000eab00000,0x00000000eab00000,0x00000000ec380000)
  from space 1024K, 52% used [0x00000000ec400000,0x00000000ec4869c8,0x00000000ec500000)
  to   space 2048K, 0% used [0x00000000ec680000,0x00000000ec680000,0x00000000ec880000)
 ParOldGen       total 68608K, used 6793K [0x00000000c0000000, 0x00000000c4300000, 0x00000000eab00000)
  object space 68608K, 9% used [0x00000000c0000000,0x00000000c06a25e0,0x00000000c4300000)
 Metaspace       used 24491K, committed 24960K, reserved 1114112K
  class space    used 2435K, committed 2624K, reserved 1048576K
}
Event: 2.439 GC heap before
{Heap before GC invocations=7 (full 1):
 PSYoungGen      total 26112K, used 25626K [0x00000000eab00000, 0x00000000ec880000, 0x0000000100000000)
  eden space 25088K, 100% used [0x00000000eab00000,0x00000000ec380000,0x00000000ec380000)
  from space 1024K, 52% used [0x00000000ec400000,0x00000000ec4869c8,0x00000000ec500000)
  to   space 2048K, 0% used [0x00000000ec680000,0x00000000ec680000,0x00000000ec880000)
 ParOldGen       total 68608K, used 6793K [0x00000000c0000000, 0x00000000c4300000, 0x00000000eab00000)
  object space 68608K, 9% used [0x00000000c0000000,0x00000000c06a25e0,0x00000000c4300000)
 Metaspace       used 27506K, committed 27968K, reserved 1114112K
  class space    used 2688K, committed 2880K, reserved 1048576K
}
Event: 2.441 GC heap after
{Heap after GC invocations=7 (full 1):
 PSYoungGen      total 25600K, used 944K [0x00000000eab00000, 0x00000000ec780000, 0x0000000100000000)
  eden space 24576K, 0% used [0x00000000eab00000,0x00000000eab00000,0x00000000ec300000)
  from space 1024K, 92% used [0x00000000ec680000,0x00000000ec76c238,0x00000000ec780000)
  to   space 1536K, 0% used [0x00000000ec480000,0x00000000ec480000,0x00000000ec600000)
 ParOldGen       total 68608K, used 6801K [0x00000000c0000000, 0x00000000c4300000, 0x00000000eab00000)
  object space 68608K, 9% used [0x00000000c0000000,0x00000000c06a45e0,0x00000000c4300000)
 Metaspace       used 27506K, committed 27968K, reserved 1114112K
  class space    used 2688K, committed 2880K, reserved 1048576K
}
Event: 3.370 GC heap before
{Heap before GC invocations=8 (full 1):
 PSYoungGen      total 25600K, used 25520K [0x00000000eab00000, 0x00000000ec780000, 0x0000000100000000)
  eden space 24576K, 100% used [0x00000000eab00000,0x00000000ec300000,0x00000000ec300000)
  from space 1024K, 92% used [0x00000000ec680000,0x00000000ec76c238,0x00000000ec780000)
  to   space 1536K, 0% used [0x00000000ec480000,0x00000000ec480000,0x00000000ec600000)
 ParOldGen       total 68608K, used 6801K [0x00000000c0000000, 0x00000000c4300000, 0x00000000eab00000)
  object space 68608K, 9% used [0x00000000c0000000,0x00000000c06a45e0,0x00000000c4300000)
 Metaspace       used 31910K, committed 32512K, reserved 1114112K
  class space    used 3189K, committed 3456K, reserved 1048576K
}
Event: 3.375 GC heap after
{Heap after GC invocations=8 (full 1):
 PSYoungGen      total 25600K, used 1509K [0x00000000eab00000, 0x00000000ec980000, 0x0000000100000000)
  eden space 24064K, 0% used [0x00000000eab00000,0x00000000eab00000,0x00000000ec280000)
  from space 1536K, 98% used [0x00000000ec480000,0x00000000ec5f96c0,0x00000000ec600000)
  to   space 3584K, 0% used [0x00000000ec600000,0x00000000ec600000,0x00000000ec980000)
 ParOldGen       total 68608K, used 8233K [0x00000000c0000000, 0x00000000c4300000, 0x00000000eab00000)
  object space 68608K, 12% used [0x00000000c0000000,0x00000000c080a400,0x00000000c4300000)
 Metaspace       used 31910K, committed 32512K, reserved 1114112K
  class space    used 3189K, committed 3456K, reserved 1048576K
}
Event: 3.587 GC heap before
{Heap before GC invocations=9 (full 1):
 PSYoungGen      total 25600K, used 19806K [0x00000000eab00000, 0x00000000ec980000, 0x0000000100000000)
  eden space 24064K, 76% used [0x00000000eab00000,0x00000000ebcde298,0x00000000ec280000)
  from space 1536K, 98% used [0x00000000ec480000,0x00000000ec5f96c0,0x00000000ec600000)
  to   space 3584K, 0% used [0x00000000ec600000,0x00000000ec600000,0x00000000ec980000)
 ParOldGen       total 68608K, used 8233K [0x00000000c0000000, 0x00000000c4300000, 0x00000000eab00000)
  object space 68608K, 12% used [0x00000000c0000000,0x00000000c080a400,0x00000000c4300000)
 Metaspace       used 35134K, committed 35840K, reserved 1114112K
  class space    used 3587K, committed 3904K, reserved 1048576K
}
Event: 3.592 GC heap after
{Heap after GC invocations=9 (full 1):
 PSYoungGen      total 27136K, used 2903K [0x00000000eab00000, 0x00000000ec900000, 0x0000000100000000)
  eden space 24064K, 0% used [0x00000000eab00000,0x00000000eab00000,0x00000000ec280000)
  from space 3072K, 94% used [0x00000000ec600000,0x00000000ec8d5f28,0x00000000ec900000)
  to   space 3072K, 0% used [0x00000000ec300000,0x00000000ec300000,0x00000000ec600000)
 ParOldGen       total 68608K, used 8241K [0x00000000c0000000, 0x00000000c4300000, 0x00000000eab00000)
  object space 68608K, 12% used [0x00000000c0000000,0x00000000c080c400,0x00000000c4300000)
 Metaspace       used 35134K, committed 35840K, reserved 1114112K
  class space    used 3587K, committed 3904K, reserved 1048576K
}
Event: 3.592 GC heap before
{Heap before GC invocations=10 (full 2):
 PSYoungGen      total 27136K, used 2903K [0x00000000eab00000, 0x00000000ec900000, 0x0000000100000000)
  eden space 24064K, 0% used [0x00000000eab00000,0x00000000eab00000,0x00000000ec280000)
  from space 3072K, 94% used [0x00000000ec600000,0x00000000ec8d5f28,0x00000000ec900000)
  to   space 3072K, 0% used [0x00000000ec300000,0x00000000ec300000,0x00000000ec600000)
 ParOldGen       total 68608K, used 8241K [0x00000000c0000000, 0x00000000c4300000, 0x00000000eab00000)
  object space 68608K, 12% used [0x00000000c0000000,0x00000000c080c400,0x00000000c4300000)
 Metaspace       used 35134K, committed 35840K, reserved 1114112K
  class space    used 3587K, committed 3904K, reserved 1048576K
}
Event: 3.616 GC heap after
{Heap after GC invocations=10 (full 2):
 PSYoungGen      total 27136K, used 0K [0x00000000eab00000, 0x00000000ec900000, 0x0000000100000000)
  eden space 24064K, 0% used [0x00000000eab00000,0x00000000eab00000,0x00000000ec280000)
  from space 3072K, 0% used [0x00000000ec600000,0x00000000ec600000,0x00000000ec900000)
  to   space 3072K, 0% used [0x00000000ec300000,0x00000000ec300000,0x00000000ec600000)
 ParOldGen       total 68608K, used 10789K [0x00000000c0000000, 0x00000000c4300000, 0x00000000eab00000)
  object space 68608K, 15% used [0x00000000c0000000,0x00000000c0a896a0,0x00000000c4300000)
 Metaspace       used 35134K, committed 35840K, reserved 1114112K
  class space    used 3587K, committed 3904K, reserved 1048576K
}

Dll operation events (9 events):
Event: 0.046 Loaded shared library /home/dasankush/.vscode-server/extensions/redhat.java-1.22.0-linux-x64/jre/17.0.8.1-linux-x86_64/lib/libjava.so
Event: 0.322 Loaded shared library /home/dasankush/.vscode-server/extensions/redhat.java-1.22.0-linux-x64/jre/17.0.8.1-linux-x86_64/lib/libzip.so
Event: 0.323 Loaded shared library /home/dasankush/.vscode-server/extensions/redhat.java-1.22.0-linux-x64/jre/17.0.8.1-linux-x86_64/lib/libinstrument.so
Event: 0.337 Loaded shared library /home/dasankush/.vscode-server/extensions/redhat.java-1.22.0-linux-x64/jre/17.0.8.1-linux-x86_64/lib/libnio.so
Event: 0.346 Loaded shared library /home/dasankush/.vscode-server/extensions/redhat.java-1.22.0-linux-x64/jre/17.0.8.1-linux-x86_64/lib/libzip.so
Event: 0.363 Loaded shared library /home/dasankush/.vscode-server/extensions/redhat.java-1.22.0-linux-x64/jre/17.0.8.1-linux-x86_64/lib/libjimage.so
Event: 0.398 Loaded shared library /home/dasankush/.vscode-server/extensions/redhat.java-1.22.0-linux-x64/jre/17.0.8.1-linux-x86_64/lib/libverify.so
Event: 0.962 Loaded shared library /home/dasankush/.vscode-server/extensions/redhat.java-1.22.0-linux-x64/jre/17.0.8.1-linux-x86_64/lib/libnet.so
Event: 1.259 Loaded shared library /home/dasankush/.vscode-server/data/User/globalStorage/redhat.java/1.22.0/config_ss_linux/org.eclipse.equinox.launcher/org.eclipse.equinox.launcher.gtk.linux.x86_64_1.2.700.v20221108-1024/eclipse_11801.so

Deoptimization events (20 events):
Event: 3.686 Thread 0x00007f345c2f3980 Uncommon trap: trap_request=0xffffffbe fr.pc=0x00007f34d5fe4e70 relative=0x00000000000003d0
Event: 3.686 Thread 0x00007f345c2f3980 Uncommon trap: reason=profile_predicate action=maybe_recompile pc=0x00007f34d5fe4e70 method=jdk.internal.jimage.ImageStringsReader.stringFromByteBufferMatches(Ljava/nio/ByteBuffer;ILjava/lang/String;I)I @ 19 c2
Event: 3.686 Thread 0x00007f345c2f3980 DEOPT PACKING pc=0x00007f34d5fe4e70 sp=0x00007f34c1af9f10
Event: 3.686 Thread 0x00007f345c2f3980 DEOPT UNPACKING pc=0x00007f34d5975819 sp=0x00007f34c1af9ea8 mode 2
Event: 3.686 Thread 0x00007f345c2f3980 Uncommon trap: trap_request=0xffffffbe fr.pc=0x00007f34d5fe4e70 relative=0x00000000000003d0
Event: 3.686 Thread 0x00007f345c2f3980 Uncommon trap: reason=profile_predicate action=maybe_recompile pc=0x00007f34d5fe4e70 method=jdk.internal.jimage.ImageStringsReader.stringFromByteBufferMatches(Ljava/nio/ByteBuffer;ILjava/lang/String;I)I @ 19 c2
Event: 3.686 Thread 0x00007f345c2f3980 DEOPT PACKING pc=0x00007f34d5fe4e70 sp=0x00007f34c1af9e60
Event: 3.686 Thread 0x00007f345c2f3980 DEOPT UNPACKING pc=0x00007f34d5975819 sp=0x00007f34c1af9df8 mode 2
Event: 3.686 Thread 0x00007f345c2f3980 Uncommon trap: trap_request=0xffffffbe fr.pc=0x00007f34d5fe4e70 relative=0x00000000000003d0
Event: 3.686 Thread 0x00007f345c2f3980 Uncommon trap: reason=profile_predicate action=maybe_recompile pc=0x00007f34d5fe4e70 method=jdk.internal.jimage.ImageStringsReader.stringFromByteBufferMatches(Ljava/nio/ByteBuffer;ILjava/lang/String;I)I @ 19 c2
Event: 3.686 Thread 0x00007f345c2f3980 DEOPT PACKING pc=0x00007f34d5fe4e70 sp=0x00007f34c1af9f10
Event: 3.686 Thread 0x00007f345c2f3980 DEOPT UNPACKING pc=0x00007f34d5975819 sp=0x00007f34c1af9ea8 mode 2
Event: 3.686 Thread 0x00007f345c2f3980 Uncommon trap: trap_request=0xffffffbe fr.pc=0x00007f34d5fe4e70 relative=0x00000000000003d0
Event: 3.686 Thread 0x00007f345c2f3980 Uncommon trap: reason=profile_predicate action=maybe_recompile pc=0x00007f34d5fe4e70 method=jdk.internal.jimage.ImageStringsReader.stringFromByteBufferMatches(Ljava/nio/ByteBuffer;ILjava/lang/String;I)I @ 19 c2
Event: 3.686 Thread 0x00007f345c2f3980 DEOPT PACKING pc=0x00007f34d5fe4e70 sp=0x00007f34c1af9e60
Event: 3.686 Thread 0x00007f345c2f3980 DEOPT UNPACKING pc=0x00007f34d5975819 sp=0x00007f34c1af9df8 mode 2
Event: 3.773 Thread 0x00007f345c2f3980 Uncommon trap: trap_request=0xffffff45 fr.pc=0x00007f34d5fec2cc relative=0x00000000000002ac
Event: 3.773 Thread 0x00007f345c2f3980 Uncommon trap: reason=unstable_if action=reinterpret pc=0x00007f34d5fec2cc method=jdk.internal.jrtfs.JrtPath.normalize(Ljava/lang/String;)Ljava/lang/String; @ 78 c2
Event: 3.773 Thread 0x00007f345c2f3980 DEOPT PACKING pc=0x00007f34d5fec2cc sp=0x00007f34c1afa530
Event: 3.773 Thread 0x00007f345c2f3980 DEOPT UNPACKING pc=0x00007f34d5975819 sp=0x00007f34c1afa4d0 mode 2

Classes unloaded (7 events):
Event: 1.959 Thread 0x00007f34e0068fd0 Unloading class 0x0000000100243000 'java/lang/invoke/LambdaForm$MH+0x0000000100243000'
Event: 1.959 Thread 0x00007f34e0068fd0 Unloading class 0x0000000100242c00 'java/lang/invoke/LambdaForm$MH+0x0000000100242c00'
Event: 1.959 Thread 0x00007f34e0068fd0 Unloading class 0x0000000100242800 'java/lang/invoke/LambdaForm$MH+0x0000000100242800'
Event: 1.959 Thread 0x00007f34e0068fd0 Unloading class 0x0000000100242400 'java/lang/invoke/LambdaForm$MH+0x0000000100242400'
Event: 1.959 Thread 0x00007f34e0068fd0 Unloading class 0x0000000100242000 'java/lang/invoke/LambdaForm$BMH+0x0000000100242000'
Event: 1.959 Thread 0x00007f34e0068fd0 Unloading class 0x0000000100241c00 'java/lang/invoke/LambdaForm$DMH+0x0000000100241c00'
Event: 1.959 Thread 0x00007f34e0068fd0 Unloading class 0x0000000100239000 'java/lang/invoke/LambdaForm$DMH+0x0000000100239000'

Classes redefined (0 events):
No events

Internal exceptions (20 events):
Event: 2.425 Thread 0x00007f34e061a290 Exception <a 'java/lang/ClassNotFoundException'{0x00000000ec2a95c0}: com/sun/org/apache/xerces/internal/impl/msg/spi/DOMMessagesProvider> (0x00000000ec2a95c0) 
thrown [src/hotspot/share/classfile/systemDictionary.cpp, line 256]
Event: 2.428 Thread 0x00007f34e061a290 Exception <a 'java/lang/ClassNotFoundException'{0x00000000ec2d5758}: com/sun/org/apache/xerces/internal/impl/msg/spi/XMLSerializerMessagesProvider> (0x00000000ec2d5758) 
thrown [src/hotspot/share/classfile/systemDictionary.cpp, line 256]
Event: 2.429 Thread 0x00007f34e061a290 Exception <a 'java/lang/ClassNotFoundException'{0x00000000ec2e2990}: com/sun/org/apache/xerces/internal/impl/msg/spi/XMLMessagesProvider> (0x00000000ec2e2990) 
thrown [src/hotspot/share/classfile/systemDictionary.cpp, line 256]
Event: 2.442 Thread 0x00007f34e061a290 Exception <a 'java/lang/NoSuchMethodError'{0x00000000eab05e28}: 'void java.lang.invoke.DirectMethodHandle$Holder.invokeVirtual(java.lang.Object, java.lang.Object)'> (0x00000000eab05e28) 
thrown [src/hotspot/share/interpreter/linkResolver.cpp, line 758]
Event: 3.007 Thread 0x00007f34e061a290 Exception <a 'sun/nio/fs/UnixException'{0x00000000eae7c060}> (0x00000000eae7c060) 
thrown [src/hotspot/share/prims/jni.cpp, line 516]
Event: 3.122 Thread 0x00007f34e061a290 Exception <a 'java/lang/ClassNotFoundException'{0x00000000eb433e50}: com/sun/org/apache/xml/internal/serializer/spi/XMLEntitiesProvider> (0x00000000eb433e50) 
thrown [src/hotspot/share/classfile/systemDictionary.cpp, line 256]
Event: 3.228 Thread 0x00007f34e061a290 Exception <a 'java/io/FileNotFoundException'{0x00000000ebb04778}> (0x00000000ebb04778) 
thrown [src/hotspot/share/prims/jni.cpp, line 516]
Event: 3.238 Thread 0x00007f34e061a290 Exception <a 'java/io/FileNotFoundException'{0x00000000ebb8f788}> (0x00000000ebb8f788) 
thrown [src/hotspot/share/prims/jni.cpp, line 516]
Event: 3.245 Thread 0x00007f34e061a290 Exception <a 'java/io/FileNotFoundException'{0x00000000ebc09d70}> (0x00000000ebc09d70) 
thrown [src/hotspot/share/prims/jni.cpp, line 516]
Event: 3.302 Thread 0x00007f34e0027d50 Exception <a 'java/lang/NoSuchMethodError'{0x00000000ebfb3a40}: 'void java.lang.invoke.DirectMethodHandle$Holder.invokeStatic(java.lang.Object, java.lang.Object, java.lang.Object, java.lang.Object)'> (0x00000000ebfb3a40) 
thrown [src/hotspot/share/interpreter/linkResolver.cpp, line 758]
Event: 3.431 Thread 0x00007f34e0027d50 Exception <a 'java/lang/NoSuchMethodError'{0x00000000eb059f28}: 'void java.lang.invoke.DirectMethodHandle$Holder.invokeSpecial(java.lang.Object, java.lang.Object, java.lang.Object, java.lang.Object, java.lang.Object, java.lang.Object)'> (0x00000000eb059f28) 
thrown [src/hotspot/share/interpreter/linkResolver.cpp, line 758]
Event: 3.432 Thread 0x00007f34e0027d50 Exception <a 'java/lang/IncompatibleClassChangeError'{0x00000000eb06a8f8}: Found class java.lang.Object, but interface was expected> (0x00000000eb06a8f8) 
thrown [src/hotspot/share/interpreter/linkResolver.cpp, line 826]
Event: 3.513 Thread 0x00007f34e06be310 Exception <a 'java/io/FileNotFoundException'{0x00000000eb632e50}> (0x00000000eb632e50) 
thrown [src/hotspot/share/prims/jni.cpp, line 516]
Event: 3.530 Thread 0x00007f34e06be310 Exception <a 'sun/nio/fs/UnixException'{0x00000000eb7d96c8}> (0x00000000eb7d96c8) 
thrown [src/hotspot/share/prims/jni.cpp, line 516]
Event: 3.534 Thread 0x00007f345c2fcdb0 Exception <a 'java/io/FileNotFoundException'{0x00000000eb83f240}> (0x00000000eb83f240) 
thrown [src/hotspot/share/prims/jni.cpp, line 516]
Event: 3.534 Thread 0x00007f345c2fcdb0 Exception <a 'java/io/FileNotFoundException'{0x00000000eb840198}> (0x00000000eb840198) 
thrown [src/hotspot/share/prims/jni.cpp, line 516]
Event: 3.576 Thread 0x00007f34e06be310 Exception <a 'java/lang/NoSuchMethodError'{0x00000000ebc31850}: 'int java.lang.invoke.DirectMethodHandle$Holder.invokeVirtual(java.lang.Object, java.lang.Object)'> (0x00000000ebc31850) 
thrown [src/hotspot/share/interpreter/linkResolver.cpp, line 758]
Event: 3.579 Thread 0x00007f345c2f3980 Exception <a 'java/lang/NoSuchMethodError'{0x00000000ebc5dc30}: 'java.lang.Object java.lang.invoke.Invokers$Holder.invoke_MT(java.lang.Object, java.lang.Object, java.lang.Object)'> (0x00000000ebc5dc30) 
thrown [src/hotspot/share/interpreter/linkResolver.cpp, line 758]
Event: 3.800 Thread 0x00007f345c2f3980 Implicit null exception at 0x00007f34ce6a6199 to 0x00007f34ce6a64cc
Event: 3.801 Thread 0x00007f345c2f3980 Exception <a 'java/lang/NullPointerException'{0x00000000eb0bfc38}> (0x00000000eb0bfc38) 
thrown [src/hotspot/share/runtime/sharedRuntime.cpp, line 628]

VM Operations (20 events):
Event: 2.439 Executing VM operation: ParallelGCFailedAllocation
Event: 2.442 Executing VM operation: ParallelGCFailedAllocation done
Event: 2.978 Executing VM operation: HandshakeAllThreads
Event: 2.978 Executing VM operation: HandshakeAllThreads done
Event: 3.253 Executing VM operation: HandshakeAllThreads
Event: 3.253 Executing VM operation: HandshakeAllThreads done
Event: 3.370 Executing VM operation: ParallelGCFailedAllocation
Event: 3.375 Executing VM operation: ParallelGCFailedAllocation done
Event: 3.453 Executing VM operation: HandshakeAllThreads
Event: 3.453 Executing VM operation: HandshakeAllThreads done
Event: 3.508 Executing VM operation: HandshakeAllThreads
Event: 3.508 Executing VM operation: HandshakeAllThreads done
Event: 3.552 Executing VM operation: HandshakeAllThreads
Event: 3.552 Executing VM operation: HandshakeAllThreads done
Event: 3.556 Executing VM operation: HandshakeAllThreads
Event: 3.556 Executing VM operation: HandshakeAllThreads done
Event: 3.587 Executing VM operation: CollectForMetadataAllocation
Event: 3.616 Executing VM operation: CollectForMetadataAllocation done
Event: 3.622 Executing VM operation: HandshakeAllThreads
Event: 3.622 Executing VM operation: HandshakeAllThreads done

Events (20 events):
Event: 3.624 loading class jdk/internal/jimage/ImageReader$Directory
Event: 3.625 loading class jdk/internal/jimage/ImageReader$Directory done
Event: 3.690 loading class java/nio/file/FileTreeWalker$DirectoryNode
Event: 3.691 loading class java/nio/file/FileTreeWalker$DirectoryNode done
Event: 3.691 loading class java/nio/file/FileTreeWalker$Event
Event: 3.691 loading class java/nio/file/FileTreeWalker$Event done
Event: 3.691 loading class java/nio/file/FileTreeWalker$EventType
Event: 3.691 loading class java/nio/file/FileTreeWalker$EventType done
Event: 3.691 loading class java/nio/file/Files$3
Event: 3.691 loading class java/nio/file/Files$3 done
Event: 3.691 loading class java/nio/file/FileVisitResult
Event: 3.692 loading class java/nio/file/FileVisitResult done
Event: 3.692 loading class sun/nio/fs/BasicFileAttributesHolder
Event: 3.692 loading class sun/nio/fs/BasicFileAttributesHolder done
Event: 3.776 loading class java/util/regex/Pattern$BackRef
Event: 3.776 loading class java/util/regex/Pattern$BackRef done
Event: 3.790 loading class java/lang/ThreadLocal$SuppliedThreadLocal
Event: 3.790 loading class java/lang/ThreadLocal$SuppliedThreadLocal done
Event: 3.801 loading class java/lang/ExceptionInInitializerError
Event: 3.801 loading class java/lang/ExceptionInInitializerError done


Dynamic libraries:
c0000000-c4300000 rw-p 00000000 00:00 0 
c4300000-eab00000 ---p 00000000 00:00 0 
eab00000-ec900000 rw-p 00000000 00:00 0 
ec900000-100000000 ---p 00000000 00:00 0 
100000000-100020000 rw-p 00000000 00:00 0 
100020000-100040000 rw-p 00000000 00:00 0 
100040000-1000c0000 rw-p 00000000 00:00 0 
1000c0000-1000e0000 rw-p 00000000 00:00 0 
1000e0000-100140000 rw-p 00000000 00:00 0 
100140000-1001c0000 rw-p 00000000 00:00 0 
1001c0000-100200000 rw-p 00000000 00:00 0 
100200000-100340000 rw-p 00000000 00:00 0 
100340000-100370000 rw-p 00000000 00:00 0 
100370000-100380000 ---p 00000000 00:00 0 
100380000-1003e0000 rw-p 00000000 00:00 0 
1003e0000-140000000 ---p 00000000 00:00 0 
5593b50d3000-5593b50d4000 r--p 00000000 08:20 94967                      /home/dasankush/.vscode-server/extensions/redhat.java-1.22.0-linux-x64/jre/17.0.8.1-linux-x86_64/bin/java
5593b50d4000-5593b50d5000 r-xp 00001000 08:20 94967                      /home/dasankush/.vscode-server/extensions/redhat.java-1.22.0-linux-x64/jre/17.0.8.1-linux-x86_64/bin/java
5593b50d5000-5593b50d6000 r--p 00002000 08:20 94967                      /home/dasankush/.vscode-server/extensions/redhat.java-1.22.0-linux-x64/jre/17.0.8.1-linux-x86_64/bin/java
5593b50d6000-5593b50d7000 r--p 00002000 08:20 94967                      /home/dasankush/.vscode-server/extensions/redhat.java-1.22.0-linux-x64/jre/17.0.8.1-linux-x86_64/bin/java
5593b50d7000-5593b50d8000 rw-p 00003000 08:20 94967                      /home/dasankush/.vscode-server/extensions/redhat.java-1.22.0-linux-x64/jre/17.0.8.1-linux-x86_64/bin/java
5593b60a7000-5593b60ef000 rw-p 00000000 00:00 0                          [heap]
7f3434310000-7f34345a7000 rw-p 00000000 00:00 0 
7f34345a7000-7f343c000000 r--s 00000000 08:20 6186                       /usr/lib/jvm/java-17-openjdk-amd64/lib/modules
7f343c000000-7f343c021000 rw-p 00000000 00:00 0 
7f343c021000-7f3440000000 ---p 00000000 00:00 0 
7f3440000000-7f344005c000 rw-p 00000000 00:00 0 
7f344005c000-7f3444000000 ---p 00000000 00:00 0 
7f3444000000-7f3444575000 rw-p 00000000 00:00 0 
7f3444575000-7f3448000000 ---p 00000000 00:00 0 
7f3448000000-7f3448021000 rw-p 00000000 00:00 0 
7f3448021000-7f344c000000 ---p 00000000 00:00 0 
7f344c000000-7f344c06d000 rw-p 00000000 00:00 0 
7f344c06d000-7f3450000000 ---p 00000000 00:00 0 
7f3450000000-7f3451347000 rw-p 00000000 00:00 0 
7f3451347000-7f3454000000 ---p 00000000 00:00 0 
7f3454000000-7f3454021000 rw-p 00000000 00:00 0 
7f3454021000-7f3458000000 ---p 00000000 00:00 0 
7f3458000000-7f3458021000 rw-p 00000000 00:00 0 
7f3458021000-7f345c000000 ---p 00000000 00:00 0 
7f345c000000-7f345c795000 rw-p 00000000 00:00 0 
7f345c795000-7f3460000000 ---p 00000000 00:00 0 
7f3460000000-7f3460021000 rw-p 00000000 00:00 0 
7f3460021000-7f3464000000 ---p 00000000 00:00 0 
7f3464000000-7f3464021000 rw-p 00000000 00:00 0 
7f3464021000-7f3468000000 ---p 00000000 00:00 0 
7f3468000000-7f3468021000 rw-p 00000000 00:00 0 
7f3468021000-7f346c000000 ---p 00000000 00:00 0 
7f346c000000-7f346c021000 rw-p 00000000 00:00 0 
7f346c021000-7f3470000000 ---p 00000000 00:00 0 
7f3470000000-7f3470021000 rw-p 00000000 00:00 0 
7f3470021000-7f3474000000 ---p 00000000 00:00 0 
7f3474000000-7f3474021000 rw-p 00000000 00:00 0 
7f3474021000-7f3478000000 ---p 00000000 00:00 0 
7f3478000000-7f3478021000 rw-p 00000000 00:00 0 
7f3478021000-7f347c000000 ---p 00000000 00:00 0 
7f347c000000-7f347c021000 rw-p 00000000 00:00 0 
7f347c021000-7f3480000000 ---p 00000000 00:00 0 
7f3480000000-7f3480021000 rw-p 00000000 00:00 0 
7f3480021000-7f3484000000 ---p 00000000 00:00 0 
7f3484000000-7f3484222000 rw-p 00000000 00:00 0 
7f3484222000-7f3488000000 ---p 00000000 00:00 0 
7f3488000000-7f3488021000 rw-p 00000000 00:00 0 
7f3488021000-7f348c000000 ---p 00000000 00:00 0 
7f348c000000-7f348c021000 rw-p 00000000 00:00 0 
7f348c021000-7f3490000000 ---p 00000000 00:00 0 
7f3490000000-7f3490021000 rw-p 00000000 00:00 0 
7f3490021000-7f3494000000 ---p 00000000 00:00 0 
7f3494000000-7f3494021000 rw-p 00000000 00:00 0 
7f3494021000-7f3498000000 ---p 00000000 00:00 0 
7f3498000000-7f34984c5000 rw-p 00000000 00:00 0 
7f34984c5000-7f349c000000 ---p 00000000 00:00 0 
7f349c000000-7f349c492000 rw-p 00000000 00:00 0 
7f349c492000-7f34a0000000 ---p 00000000 00:00 0 
7f34a0000000-7f34a0021000 rw-p 00000000 00:00 0 
7f34a0021000-7f34a4000000 ---p 00000000 00:00 0 
7f34a4000000-7f34a4021000 rw-p 00000000 00:00 0 
7f34a4021000-7f34a8000000 ---p 00000000 00:00 0 
7f34a8000000-7f34a881f000 rw-p 00000000 00:00 0 
7f34a881f000-7f34ac000000 ---p 00000000 00:00 0 
7f34ac000000-7f34ac021000 rw-p 00000000 00:00 0 
7f34ac021000-7f34b0000000 ---p 00000000 00:00 0 
7f34b0000000-7f34b0021000 rw-p 00000000 00:00 0 
7f34b0021000-7f34b4000000 ---p 00000000 00:00 0 
7f34b4000000-7f34b4021000 rw-p 00000000 00:00 0 
7f34b4021000-7f34b8000000 ---p 00000000 00:00 0 
7f34b8000000-7f34b8021000 rw-p 00000000 00:00 0 
7f34b8021000-7f34bc000000 ---p 00000000 00:00 0 
7f34bc000000-7f34bc021000 rw-p 00000000 00:00 0 
7f34bc021000-7f34c0000000 ---p 00000000 00:00 0 
7f34c01fe000-7f34c0202000 ---p 00000000 00:00 0 
7f34c0202000-7f34c02fe000 rw-p 00000000 00:00 0 
7f34c02fe000-7f34c0302000 ---p 00000000 00:00 0 
7f34c0302000-7f34c03fe000 rw-p 00000000 00:00 0 
7f34c03fe000-7f34c0402000 ---p 00000000 00:00 0 
7f34c0402000-7f34c04fe000 rw-p 00000000 00:00 0 
7f34c04fe000-7f34c0502000 ---p 00000000 00:00 0 
7f34c0502000-7f34c05fe000 rw-p 00000000 00:00 0 
7f34c05fe000-7f34c0602000 ---p 00000000 00:00 0 
7f34c0602000-7f34c06fe000 rw-p 00000000 00:00 0 
7f34c06fe000-7f34c0702000 ---p 00000000 00:00 0 
7f34c0702000-7f34c07fe000 rw-p 00000000 00:00 0 
7f34c07fe000-7f34c0802000 ---p 00000000 00:00 0 
7f34c0802000-7f34c08fe000 rw-p 00000000 00:00 0 
7f34c08fe000-7f34c08ff000 ---p 00000000 00:00 0 
7f34c08ff000-7f34c0a00000 rw-p 00000000 00:00 0 
7f34c0a00000-7f34c0a10000 r-xp 00000000 08:20 96677                      /home/dasankush/.vscode-server/data/User/globalStorage/redhat.java/1.22.0/config_ss_linux/org.eclipse.equinox.launcher/org.eclipse.equinox.launcher.gtk.linux.x86_64_1.2.700.v20221108-1024/eclipse_11801.so
7f34c0a10000-7f34c0c0f000 ---p 00010000 08:20 96677                      /home/dasankush/.vscode-server/data/User/globalStorage/redhat.java/1.22.0/config_ss_linux/org.eclipse.equinox.launcher/org.eclipse.equinox.launcher.gtk.linux.x86_64_1.2.700.v20221108-1024/eclipse_11801.so
7f34c0c0f000-7f34c0c10000 r--p 0000f000 08:20 96677                      /home/dasankush/.vscode-server/data/User/globalStorage/redhat.java/1.22.0/config_ss_linux/org.eclipse.equinox.launcher/org.eclipse.equinox.launcher.gtk.linux.x86_64_1.2.700.v20221108-1024/eclipse_11801.so
7f34c0c10000-7f34c0c11000 rw-p 00010000 08:20 96677                      /home/dasankush/.vscode-server/data/User/globalStorage/redhat.java/1.22.0/config_ss_linux/org.eclipse.equinox.launcher/org.eclipse.equinox.launcher.gtk.linux.x86_64_1.2.700.v20221108-1024/eclipse_11801.so
7f34c0c11000-7f34c0c12000 rw-p 00000000 00:00 0 
7f34c0cef000-7f34c0cf3000 ---p 00000000 00:00 0 
7f34c0cf3000-7f34c0def000 rw-p 00000000 00:00 0 
7f34c0def000-7f34c0df3000 ---p 00000000 00:00 0 
7f34c0df3000-7f34c0eef000 rw-p 00000000 00:00 0 
7f34c0eef000-7f34c0ef3000 ---p 00000000 00:00 0 
7f34c0ef3000-7f34c0fef000 rw-p 00000000 00:00 0 
7f34c0fef000-7f34c0ff3000 ---p 00000000 00:00 0 
7f34c0ff3000-7f34c10ef000 rw-p 00000000 00:00 0 
7f34c10ef000-7f34c10f0000 ---p 00000000 00:00 0 
7f34c10f0000-7f34c11f1000 rw-p 00000000 00:00 0 
7f34c11f1000-7f34c11f2000 ---p 00000000 00:00 0 
7f34c11f2000-7f34c12f3000 rw-p 00000000 00:00 0 
7f34c12f3000-7f34c12f4000 ---p 00000000 00:00 0 
7f34c12f4000-7f34c13f5000 rw-p 00000000 00:00 0 
7f34c13f5000-7f34c13f6000 ---p 00000000 00:00 0 
7f34c13f6000-7f34c14f7000 rw-p 00000000 00:00 0 
7f34c14f7000-7f34c14f8000 ---p 00000000 00:00 0 
7f34c14f8000-7f34c15f9000 rw-p 00000000 00:00 0 
7f34c15f9000-7f34c15fa000 ---p 00000000 00:00 0 
7f34c15fa000-7f34c16fb000 rw-p 00000000 00:00 0 
7f34c16fb000-7f34c16ff000 ---p 00000000 00:00 0 
7f34c16ff000-7f34c17fb000 rw-p 00000000 00:00 0 
7f34c17fb000-7f34c17fc000 ---p 00000000 00:00 0 
7f34c17fc000-7f34c18fd000 rw-p 00000000 00:00 0 
7f34c18fd000-7f34c1901000 ---p 00000000 00:00 0 
7f34c1901000-7f34c19fd000 rw-p 00000000 00:00 0 
7f34c19fd000-7f34c1a01000 ---p 00000000 00:00 0 
7f34c1a01000-7f34c1afd000 rw-p 00000000 00:00 0 
7f34c1afd000-7f34c1b01000 ---p 00000000 00:00 0 
7f34c1b01000-7f34c1bfd000 rw-p 00000000 00:00 0 
7f34c1bfd000-7f34c1c01000 ---p 00000000 00:00 0 
7f34c1c01000-7f34c1cfd000 rw-p 00000000 00:00 0 
7f34c1cfd000-7f34c1d01000 ---p 00000000 00:00 0 
7f34c1d01000-7f34c1dfd000 rw-p 00000000 00:00 0 
7f34c1dfd000-7f34c1e01000 ---p 00000000 00:00 0 
7f34c1e01000-7f34c1efd000 rw-p 00000000 00:00 0 
7f34c1efd000-7f34c1f01000 ---p 00000000 00:00 0 
7f34c1f01000-7f34c1ffd000 rw-p 00000000 00:00 0 
7f34c1ffd000-7f34c2001000 ---p 00000000 00:00 0 
7f34c2001000-7f34c20fd000 rw-p 00000000 00:00 0 
7f34c20fd000-7f34c2101000 ---p 00000000 00:00 0 
7f34c2101000-7f34c21fd000 rw-p 00000000 00:00 0 
7f34c21fd000-7f34c24e6000 r--p 00000000 08:20 739                        /usr/lib/locale/locale-archive
7f34c24e6000-7f34c24ea000 ---p 00000000 00:00 0 
7f34c24ea000-7f34c25e6000 rw-p 00000000 00:00 0 
7f34c25e6000-7f34c25ea000 ---p 00000000 00:00 0 
7f34c25ea000-7f34c26e6000 rw-p 00000000 00:00 0 
7f34c26e6000-7f34c26e7000 ---p 00000000 00:00 0 
7f34c26e7000-7f34c4400000 rw-p 00000000 00:00 0 
7f34c4400000-7f34c4480000 rw-p 00000000 00:00 0 
7f34c4480000-7f34c4500000 rw-p 00000000 00:00 0 
7f34c4500000-7f34c4800000 rw-p 00000000 00:00 0 
7f34c4800000-7f34c48c0000 rw-p 00000000 00:00 0 
7f34c48c0000-7f34c4900000 rw-p 00000000 00:00 0 
7f34c4900000-7f34c4b00000 rw-p 00000000 00:00 0 
7f34c4b00000-7f34c4c00000 rw-p 00000000 00:00 0 
7f34c4c00000-7f34c4e00000 rw-p 00000000 00:00 0 
7f34c4e00000-7f34c4f80000 rw-p 00000000 00:00 0 
7f34c4f80000-7f34c5000000 rw-p 00000000 00:00 0 
7f34c5000000-7f34c5180000 rw-p 00000000 00:00 0 
7f34c5180000-7f34c5200000 rw-p 00000000 00:00 0 
7f34c5200000-7f34c5900000 rw-p 00000000 00:00 0 
7f34c5900000-7f34c5a00000 rw-p 00000000 00:00 0 
7f34c5a00000-7f34c5b00000 rw-p 00000000 00:00 0 
7f34c5b00000-7f34c5c00000 rw-p 00000000 00:00 0 
7f34c5c00000-7f34c5d80000 rw-p 00000000 00:00 0 
7f34c5d80000-7f34c5e00000 rw-p 00000000 00:00 0 
7f34c5e00000-7f34c5f70000 rw-p 00000000 00:00 0 
7f34c5f70000-7f34c5f80000 ---p 00000000 00:00 0 
7f34c5f80000-7f34c5fa0000 rw-p 00000000 00:00 0 
7f34c5fa0000-7f34c8000000 ---p 00000000 00:00 0 
7f34c8000000-7f34c8021000 rw-p 00000000 00:00 0 
7f34c8021000-7f34cc000000 ---p 00000000 00:00 0 
7f34cc0e2000-7f34ce3e5000 rw-p 00000000 00:00 0 
7f34ce3e5000-7f34cea25000 rwxp 00000000 00:00 0 
7f34cea25000-7f34d591c000 ---p 00000000 00:00 0 
7f34d591c000-7f34d5b8c000 rwxp 00000000 00:00 0 
7f34d5b8c000-7f34d5eae000 ---p 00000000 00:00 0 
7f34d5eae000-7f34d611e000 rwxp 00000000 00:00 0 
7f34d611e000-7f34dd3e5000 ---p 00000000 00:00 0 
7f34dd3e5000-7f34e0000000 r--s 00000000 08:20 95731                      /home/dasankush/.vscode-server/extensions/redhat.java-1.22.0-linux-x64/jre/17.0.8.1-linux-x86_64/lib/modules
7f34e0000000-7f34e06d9000 rw-p 00000000 00:00 0 
7f34e06d9000-7f34e4000000 ---p 00000000 00:00 0 
7f34e4057000-7f34e405e000 r--s 00000000 08:20 54879                      /usr/lib/x86_64-linux-gnu/gconv/gconv-modules.cache
7f34e405e000-7f34e4062000 ---p 00000000 00:00 0 
7f34e4062000-7f34e4080000 rw-p 00000000 00:00 0 
7f34e4080000-7f34e4084000 r--p 00000000 08:20 95726                      /home/dasankush/.vscode-server/extensions/redhat.java-1.22.0-linux-x64/jre/17.0.8.1-linux-x86_64/lib/libverify.so
7f34e4084000-7f34e408b000 r-xp 00004000 08:20 95726                      /home/dasankush/.vscode-server/extensions/redhat.java-1.22.0-linux-x64/jre/17.0.8.1-linux-x86_64/lib/libverify.so
7f34e408b000-7f34e408d000 r--p 0000b000 08:20 95726                      /home/dasankush/.vscode-server/extensions/redhat.java-1.22.0-linux-x64/jre/17.0.8.1-linux-x86_64/lib/libverify.so
7f34e408d000-7f34e408f000 r--p 0000c000 08:20 95726                      /home/dasankush/.vscode-server/extensions/redhat.java-1.22.0-linux-x64/jre/17.0.8.1-linux-x86_64/lib/libverify.so
7f34e408f000-7f34e4090000 rw-p 0000e000 08:20 95726                      /home/dasankush/.vscode-server/extensions/redhat.java-1.22.0-linux-x64/jre/17.0.8.1-linux-x86_64/lib/libverify.so
7f34e4090000-7f34e4094000 r--p 00000000 08:20 95699                      /home/dasankush/.vscode-server/extensions/redhat.java-1.22.0-linux-x64/jre/17.0.8.1-linux-x86_64/lib/libnet.so
7f34e4094000-7f34e40a2000 r-xp 00004000 08:20 95699                      /home/dasankush/.vscode-server/extensions/redhat.java-1.22.0-linux-x64/jre/17.0.8.1-linux-x86_64/lib/libnet.so
7f34e40a2000-7f34e40a6000 r--p 00012000 08:20 95699                      /home/dasankush/.vscode-server/extensions/redhat.java-1.22.0-linux-x64/jre/17.0.8.1-linux-x86_64/lib/libnet.so
7f34e40a6000-7f34e40a7000 r--p 00015000 08:20 95699                      /home/dasankush/.vscode-server/extensions/redhat.java-1.22.0-linux-x64/jre/17.0.8.1-linux-x86_64/lib/libnet.so
7f34e40a7000-7f34e40a8000 rw-p 00016000 08:20 95699                      /home/dasankush/.vscode-server/extensions/redhat.java-1.22.0-linux-x64/jre/17.0.8.1-linux-x86_64/lib/libnet.so
7f34e40a8000-7f34e40af000 r--p 00000000 08:20 95702                      /home/dasankush/.vscode-server/extensions/redhat.java-1.22.0-linux-x64/jre/17.0.8.1-linux-x86_64/lib/libnio.so
7f34e40af000-7f34e40b8000 r-xp 00007000 08:20 95702                      /home/dasankush/.vscode-server/extensions/redhat.java-1.22.0-linux-x64/jre/17.0.8.1-linux-x86_64/lib/libnio.so
7f34e40b8000-7f34e40bc000 r--p 00010000 08:20 95702                      /home/dasankush/.vscode-server/extensions/redhat.java-1.22.0-linux-x64/jre/17.0.8.1-linux-x86_64/lib/libnio.so
7f34e40bc000-7f34e40bd000 ---p 00014000 08:20 95702                      /home/dasankush/.vscode-server/extensions/redhat.java-1.22.0-linux-x64/jre/17.0.8.1-linux-x86_64/lib/libnio.so
7f34e40bd000-7f34e40be000 r--p 00014000 08:20 95702                      /home/dasankush/.vscode-server/extensions/redhat.java-1.22.0-linux-x64/jre/17.0.8.1-linux-x86_64/lib/libnio.so
7f34e40be000-7f34e40bf000 rw-p 00015000 08:20 95702                      /home/dasankush/.vscode-server/extensions/redhat.java-1.22.0-linux-x64/jre/17.0.8.1-linux-x86_64/lib/libnio.so
7f34e40bf000-7f34e40c1000 r--p 00000000 08:20 95729                      /home/dasankush/.vscode-server/extensions/redhat.java-1.22.0-linux-x64/jre/17.0.8.1-linux-x86_64/lib/libzip.so
7f34e40c1000-7f34e40c5000 r-xp 00002000 08:20 95729                      /home/dasankush/.vscode-server/extensions/redhat.java-1.22.0-linux-x64/jre/17.0.8.1-linux-x86_64/lib/libzip.so
7f34e40c5000-7f34e40c7000 r--p 00006000 08:20 95729                      /home/dasankush/.vscode-server/extensions/redhat.java-1.22.0-linux-x64/jre/17.0.8.1-linux-x86_64/lib/libzip.so
7f34e40c7000-7f34e40c8000 r--p 00007000 08:20 95729                      /home/dasankush/.vscode-server/extensions/redhat.java-1.22.0-linux-x64/jre/17.0.8.1-linux-x86_64/lib/libzip.so
7f34e40c8000-7f34e40c9000 rw-p 00008000 08:20 95729                      /home/dasankush/.vscode-server/extensions/redhat.java-1.22.0-linux-x64/jre/17.0.8.1-linux-x86_64/lib/libzip.so
7f34e40c9000-7f34e441c000 rw-p 00000000 00:00 0 
7f34e441c000-7f34e4550000 ---p 00000000 00:00 0 
7f34e4550000-7f34e4551000 ---p 00000000 00:00 0 
7f34e4551000-7f34e4674000 rw-p 00000000 00:00 0 
7f34e4674000-7f34e47a7000 ---p 00000000 00:00 0 
7f34e47a7000-7f34e47b7000 rw-p 00000000 00:00 0 
7f34e47b7000-7f34e4852000 ---p 00000000 00:00 0 
7f34e4852000-7f34e4858000 rw-p 00000000 00:00 0 
7f34e4858000-7f34e493e000 ---p 00000000 00:00 0 
7f34e493e000-7f34e494b000 rw-p 00000000 00:00 0 
7f34e494b000-7f34e4a29000 ---p 00000000 00:00 0 
7f34e4a29000-7f34e4a2e000 rw-p 00000000 00:00 0 
7f34e4a2e000-7f34e4a35000 ---p 00000000 00:00 0 
7f34e4a35000-7f34e4a3d000 rw-s 00000000 08:20 96967                      /tmp/hsperfdata_dasankush/635
7f34e4a3d000-7f34e4a4a000 r--p 00000000 08:20 95638                      /home/dasankush/.vscode-server/extensions/redhat.java-1.22.0-linux-x64/jre/17.0.8.1-linux-x86_64/lib/libjava.so
7f34e4a4a000-7f34e4a5c000 r-xp 0000d000 08:20 95638                      /home/dasankush/.vscode-server/extensions/redhat.java-1.22.0-linux-x64/jre/17.0.8.1-linux-x86_64/lib/libjava.so
7f34e4a5c000-7f34e4a62000 r--p 0001f000 08:20 95638                      /home/dasankush/.vscode-server/extensions/redhat.java-1.22.0-linux-x64/jre/17.0.8.1-linux-x86_64/lib/libjava.so
7f34e4a62000-7f34e4a63000 ---p 00025000 08:20 95638                      /home/dasankush/.vscode-server/extensions/redhat.java-1.22.0-linux-x64/jre/17.0.8.1-linux-x86_64/lib/libjava.so
7f34e4a63000-7f34e4a64000 r--p 00025000 08:20 95638                      /home/dasankush/.vscode-server/extensions/redhat.java-1.22.0-linux-x64/jre/17.0.8.1-linux-x86_64/lib/libjava.so
7f34e4a64000-7f34e4a65000 rw-p 00026000 08:20 95638                      /home/dasankush/.vscode-server/extensions/redhat.java-1.22.0-linux-x64/jre/17.0.8.1-linux-x86_64/lib/libjava.so
7f34e4a65000-7f34e4a66000 rw-p 00000000 00:00 0 
7f34e4a66000-7f34e4a68000 r--p 00000000 08:20 95623                      /home/dasankush/.vscode-server/extensions/redhat.java-1.22.0-linux-x64/jre/17.0.8.1-linux-x86_64/lib/libinstrument.so
7f34e4a68000-7f34e4a6e000 r-xp 00002000 08:20 95623                      /home/dasankush/.vscode-server/extensions/redhat.java-1.22.0-linux-x64/jre/17.0.8.1-linux-x86_64/lib/libinstrument.so
7f34e4a6e000-7f34e4a71000 r--p 00008000 08:20 95623                      /home/dasankush/.vscode-server/extensions/redhat.java-1.22.0-linux-x64/jre/17.0.8.1-linux-x86_64/lib/libinstrument.so
7f34e4a71000-7f34e4a72000 r--p 0000a000 08:20 95623                      /home/dasankush/.vscode-server/extensions/redhat.java-1.22.0-linux-x64/jre/17.0.8.1-linux-x86_64/lib/libinstrument.so
7f34e4a72000-7f34e4a73000 rw-p 0000b000 08:20 95623                      /home/dasankush/.vscode-server/extensions/redhat.java-1.22.0-linux-x64/jre/17.0.8.1-linux-x86_64/lib/libinstrument.so
7f34e4a73000-7f34e4a77000 r--p 00000000 08:20 95657                      /home/dasankush/.vscode-server/extensions/redhat.java-1.22.0-linux-x64/jre/17.0.8.1-linux-x86_64/lib/libjimage.so
7f34e4a77000-7f34e4a8a000 r-xp 00004000 08:20 95657                      /home/dasankush/.vscode-server/extensions/redhat.java-1.22.0-linux-x64/jre/17.0.8.1-linux-x86_64/lib/libjimage.so
7f34e4a8a000-7f34e4a90000 r--p 00017000 08:20 95657                      /home/dasankush/.vscode-server/extensions/redhat.java-1.22.0-linux-x64/jre/17.0.8.1-linux-x86_64/lib/libjimage.so
7f34e4a90000-7f34e4a92000 r--p 0001c000 08:20 95657                      /home/dasankush/.vscode-server/extensions/redhat.java-1.22.0-linux-x64/jre/17.0.8.1-linux-x86_64/lib/libjimage.so
7f34e4a92000-7f34e4a93000 rw-p 0001e000 08:20 95657                      /home/dasankush/.vscode-server/extensions/redhat.java-1.22.0-linux-x64/jre/17.0.8.1-linux-x86_64/lib/libjimage.so
7f34e4a93000-7f34e4a97000 ---p 00000000 00:00 0 
7f34e4a97000-7f34e4b93000 rw-p 00000000 00:00 0 
7f34e4b93000-7f34e4ba3000 r--p 00000000 08:20 7730                       /usr/lib/x86_64-linux-gnu/libm.so.6
7f34e4ba3000-7f34e4c16000 r-xp 00010000 08:20 7730                       /usr/lib/x86_64-linux-gnu/libm.so.6
7f34e4c16000-7f34e4c70000 r--p 00083000 08:20 7730                       /usr/lib/x86_64-linux-gnu/libm.so.6
7f34e4c70000-7f34e4c71000 r--p 000dc000 08:20 7730                       /usr/lib/x86_64-linux-gnu/libm.so.6
7f34e4c71000-7f34e4c72000 rw-p 000dd000 08:20 7730                       /usr/lib/x86_64-linux-gnu/libm.so.6
7f34e4c72000-7f34e4c73000 r--p 00000000 08:20 43641                      /usr/lib/x86_64-linux-gnu/librt.so.1
7f34e4c73000-7f34e4c74000 r-xp 00001000 08:20 43641                      /usr/lib/x86_64-linux-gnu/librt.so.1
7f34e4c74000-7f34e4c75000 r--p 00002000 08:20 43641                      /usr/lib/x86_64-linux-gnu/librt.so.1
7f34e4c75000-7f34e4c76000 r--p 00002000 08:20 43641                      /usr/lib/x86_64-linux-gnu/librt.so.1
7f34e4c76000-7f34e4c77000 rw-p 00003000 08:20 43641                      /usr/lib/x86_64-linux-gnu/librt.so.1
7f34e4c77000-7f34e4eca000 r--p 00000000 08:20 96364                      /home/dasankush/.vscode-server/extensions/redhat.java-1.22.0-linux-x64/jre/17.0.8.1-linux-x86_64/lib/server/libjvm.so
7f34e4eca000-7f34e5bec000 r-xp 00253000 08:20 96364                      /home/dasankush/.vscode-server/extensions/redhat.java-1.22.0-linux-x64/jre/17.0.8.1-linux-x86_64/lib/server/libjvm.so
7f34e5bec000-7f34e5e79000 r--p 00f75000 08:20 96364                      /home/dasankush/.vscode-server/extensions/redhat.java-1.22.0-linux-x64/jre/17.0.8.1-linux-x86_64/lib/server/libjvm.so
7f34e5e79000-7f34e5f32000 r--p 01201000 08:20 96364                      /home/dasankush/.vscode-server/extensions/redhat.java-1.22.0-linux-x64/jre/17.0.8.1-linux-x86_64/lib/server/libjvm.so
7f34e5f32000-7f34e5f67000 rw-p 012ba000 08:20 96364                      /home/dasankush/.vscode-server/extensions/redhat.java-1.22.0-linux-x64/jre/17.0.8.1-linux-x86_64/lib/server/libjvm.so
7f34e5f67000-7f34e5fc4000 rw-p 00000000 00:00 0 
7f34e5fc4000-7f34e5fea000 r--p 00000000 08:20 7585                       /usr/lib/x86_64-linux-gnu/libc.so.6
7f34e5fea000-7f34e613f000 r-xp 00026000 08:20 7585                       /usr/lib/x86_64-linux-gnu/libc.so.6
7f34e613f000-7f34e6192000 r--p 0017b000 08:20 7585                       /usr/lib/x86_64-linux-gnu/libc.so.6
7f34e6192000-7f34e6196000 r--p 001ce000 08:20 7585                       /usr/lib/x86_64-linux-gnu/libc.so.6
7f34e6196000-7f34e6198000 rw-p 001d2000 08:20 7585                       /usr/lib/x86_64-linux-gnu/libc.so.6
7f34e6198000-7f34e61a7000 rw-p 00000000 00:00 0 
7f34e61a7000-7f34e61a8000 r--p 00000000 08:20 7729                       /usr/lib/x86_64-linux-gnu/libdl.so.2
7f34e61a8000-7f34e61a9000 r-xp 00001000 08:20 7729                       /usr/lib/x86_64-linux-gnu/libdl.so.2
7f34e61a9000-7f34e61aa000 r--p 00002000 08:20 7729                       /usr/lib/x86_64-linux-gnu/libdl.so.2
7f34e61aa000-7f34e61ab000 r--p 00002000 08:20 7729                       /usr/lib/x86_64-linux-gnu/libdl.so.2
7f34e61ab000-7f34e61ac000 rw-p 00003000 08:20 7729                       /usr/lib/x86_64-linux-gnu/libdl.so.2
7f34e61ac000-7f34e61ad000 r--p 00000000 08:20 10343                      /usr/lib/x86_64-linux-gnu/libpthread.so.0
7f34e61ad000-7f34e61ae000 r-xp 00001000 08:20 10343                      /usr/lib/x86_64-linux-gnu/libpthread.so.0
7f34e61ae000-7f34e61af000 r--p 00002000 08:20 10343                      /usr/lib/x86_64-linux-gnu/libpthread.so.0
7f34e61af000-7f34e61b0000 r--p 00002000 08:20 10343                      /usr/lib/x86_64-linux-gnu/libpthread.so.0
7f34e61b0000-7f34e61b1000 rw-p 00003000 08:20 10343                      /usr/lib/x86_64-linux-gnu/libpthread.so.0
7f34e61b1000-7f34e61b4000 r--p 00000000 08:20 95660                      /home/dasankush/.vscode-server/extensions/redhat.java-1.22.0-linux-x64/jre/17.0.8.1-linux-x86_64/lib/libjli.so
7f34e61b4000-7f34e61be000 r-xp 00003000 08:20 95660                      /home/dasankush/.vscode-server/extensions/redhat.java-1.22.0-linux-x64/jre/17.0.8.1-linux-x86_64/lib/libjli.so
7f34e61be000-7f34e61c1000 r--p 0000d000 08:20 95660                      /home/dasankush/.vscode-server/extensions/redhat.java-1.22.0-linux-x64/jre/17.0.8.1-linux-x86_64/lib/libjli.so
7f34e61c1000-7f34e61c2000 ---p 00010000 08:20 95660                      /home/dasankush/.vscode-server/extensions/redhat.java-1.22.0-linux-x64/jre/17.0.8.1-linux-x86_64/lib/libjli.so
7f34e61c2000-7f34e61c3000 r--p 00010000 08:20 95660                      /home/dasankush/.vscode-server/extensions/redhat.java-1.22.0-linux-x64/jre/17.0.8.1-linux-x86_64/lib/libjli.so
7f34e61c3000-7f34e61c4000 rw-p 00011000 08:20 95660                      /home/dasankush/.vscode-server/extensions/redhat.java-1.22.0-linux-x64/jre/17.0.8.1-linux-x86_64/lib/libjli.so
7f34e61c4000-7f34e61c7000 r--p 00000000 08:20 8147                       /usr/lib/x86_64-linux-gnu/libz.so.1.2.13
7f34e61c7000-7f34e61da000 r-xp 00003000 08:20 8147                       /usr/lib/x86_64-linux-gnu/libz.so.1.2.13
7f34e61da000-7f34e61e1000 r--p 00016000 08:20 8147                       /usr/lib/x86_64-linux-gnu/libz.so.1.2.13
7f34e61e1000-7f34e61e2000 r--p 0001c000 08:20 8147                       /usr/lib/x86_64-linux-gnu/libz.so.1.2.13
7f34e61e2000-7f34e61e3000 rw-p 0001d000 08:20 8147                       /usr/lib/x86_64-linux-gnu/libz.so.1.2.13
7f34e61e7000-7f34e61e8000 ---p 00000000 00:00 0 
7f34e61e8000-7f34e61e9000 r--p 00000000 00:00 0 
7f34e61e9000-7f34e61ea000 ---p 00000000 00:00 0 
7f34e61ea000-7f34e61ec000 rw-p 00000000 00:00 0 
7f34e61ec000-7f34e61ed000 r--p 00000000 08:20 7582                       /usr/lib/x86_64-linux-gnu/ld-linux-x86-64.so.2
7f34e61ed000-7f34e6212000 r-xp 00001000 08:20 7582                       /usr/lib/x86_64-linux-gnu/ld-linux-x86-64.so.2
7f34e6212000-7f34e621c000 r--p 00026000 08:20 7582                       /usr/lib/x86_64-linux-gnu/ld-linux-x86-64.so.2
7f34e621c000-7f34e621e000 r--p 00030000 08:20 7582                       /usr/lib/x86_64-linux-gnu/ld-linux-x86-64.so.2
7f34e621e000-7f34e6220000 rw-p 00032000 08:20 7582                       /usr/lib/x86_64-linux-gnu/ld-linux-x86-64.so.2
7ffec613c000-7ffec615e000 rw-p 00000000 00:00 0                          [stack]
7ffec619e000-7ffec61a2000 r--p 00000000 00:00 0                          [vvar]
7ffec61a2000-7ffec61a4000 r-xp 00000000 00:00 0                          [vdso]


VM Arguments:
jvm_args: --add-modules=ALL-SYSTEM --add-opens=java.base/java.util=ALL-UNNAMED --add-opens=java.base/java.lang=ALL-UNNAMED --add-opens=java.base/sun.nio.fs=ALL-UNNAMED -Declipse.application=org.eclipse.jdt.ls.core.id1 -Dosgi.bundles.defaultStartLevel=4 -Declipse.product=org.eclipse.jdt.ls.core.product -Djava.import.generatesMetadataFilesAtProjectRoot=false -DDetectVMInstallationsJob.disabled=true -Dfile.encoding=utf8 -XX:+UseParallelGC -XX:GCTimeRatio=4 -XX:AdaptiveSizePolicyWeight=90 -Dsun.zip.disableMemoryMapping=true -Xmx1G -Xms100m -Xlog:disable -javaagent:/home/dasankush/.vscode-server/extensions/redhat.java-1.22.0-linux-x64/lombok/lombok-1.18.28.jar 
java_command: /home/dasankush/.vscode-server/extensions/redhat.java-1.22.0-linux-x64/server/plugins/org.eclipse.equinox.launcher_1.6.500.v20230717-2134.jar -configuration /home/dasankush/.vscode-server/data/User/globalStorage/redhat.java/1.22.0/config_ss_linux -data /home/dasankush/.vscode-server/data/User/workspaceStorage/8f35f7819c436fae5b78fead4754038f/redhat.java/ss_ws
java_class_path (initial): /home/dasankush/.vscode-server/extensions/redhat.java-1.22.0-linux-x64/server/plugins/org.eclipse.equinox.launcher_1.6.500.v20230717-2134.jar
Launcher Type: SUN_STANDARD

[Global flags]
    uintx AdaptiveSizePolicyWeight                 = 90                                        {product} {command line}
     intx CICompilerCount                          = 4                                         {product} {ergonomic}
    uintx GCTimeRatio                              = 4                                         {product} {command line}
   size_t InitialHeapSize                          = 104857600                                 {product} {command line}
   size_t MaxHeapSize                              = 1073741824                                {product} {command line}
   size_t MaxNewSize                               = 357564416                                 {product} {ergonomic}
   size_t MinHeapDeltaBytes                        = 524288                                    {product} {ergonomic}
   size_t MinHeapSize                              = 104857600                                 {product} {command line}
   size_t NewSize                                  = 34603008                                  {product} {ergonomic}
    uintx NonNMethodCodeHeapSize                   = 5839372                                {pd product} {ergonomic}
    uintx NonProfiledCodeHeapSize                  = 122909434                              {pd product} {ergonomic}
   size_t OldSize                                  = 70254592                                  {product} {ergonomic}
    uintx ProfiledCodeHeapSize                     = 122909434                              {pd product} {ergonomic}
    uintx ReservedCodeCacheSize                    = 251658240                              {pd product} {ergonomic}
     bool SegmentedCodeCache                       = true                                      {product} {ergonomic}
   size_t SoftMaxHeapSize                          = 1073741824                             {manageable} {ergonomic}
     bool UseCompressedClassPointers               = true                           {product lp64_product} {ergonomic}
     bool UseCompressedOops                        = true                           {product lp64_product} {ergonomic}
     bool UseParallelGC                            = true                                      {product} {command line}

Logging:
Log output configuration:
 #0: stdout all=off uptime,level,tags
 #1: stderr all=off uptime,level,tags

Environment Variables:
PATH=/home/dasankush/.vscode-server/bin/6509174151d557a81c9d0b5f8a5a1e9274db5585/bin/remote-cli:/usr/local/sbin:/usr/local/bin:/usr/sbin:/usr/bin:/sbin:/bin:/usr/games:/usr/local/games:/usr/lib/wsl/lib:/mnt/c/Program Files (x86)/Common Files/Oracle/Java/javapath:/mnt/c/Windows/system32:/mnt/c/Windows:/mnt/c/Windows/System32/Wbem:/mnt/c/Windows/System32/WindowsPowerShell/v1.0/:/mnt/c/Windows/System32/OpenSSH/:/mnt/c/Users/ankush.a/AppData/Local/Microsoft/WindowsApps:/mnt/c/Users/ankush.a/AppData/Local/Programs/Git/cmd:/mnt/c/Users/ankush.a/AppData/Local/Programs/Microsoft VS Code/bin
SHELL=/bin/bash
DISPLAY=:0
HOSTTYPE=x86_64
LANG=en_US.UTF-8
TERM=xterm-256color

Active Locale:
LC_ALL=en_US.UTF-8
LC_COLLATE=en_US.UTF-8
LC_CTYPE=en_US.UTF-8
LC_MESSAGES=en_US.UTF-8
LC_MONETARY=en_US.UTF-8
LC_NUMERIC=en_US.UTF-8
LC_TIME=en_US.UTF-8

Signal Handlers:
   SIGSEGV: crash_handler in libjvm.so, mask=11100100010111111101111111111110, flags=SA_RESTART|SA_SIGINFO, unblocked
    SIGBUS: crash_handler in libjvm.so, mask=11100100010111111101111111111110, flags=SA_RESTART|SA_SIGINFO, unblocked
    SIGFPE: crash_handler in libjvm.so, mask=11100100010111111101111111111110, flags=SA_RESTART|SA_SIGINFO, unblocked
   SIGPIPE: javaSignalHandler in libjvm.so, mask=11100100010111111101111111111110, flags=SA_RESTART|SA_SIGINFO, blocked
   SIGXFSZ: javaSignalHandler in libjvm.so, mask=11100100010111111101111111111110, flags=SA_RESTART|SA_SIGINFO, blocked
    SIGILL: crash_handler in libjvm.so, mask=11100100010111111101111111111110, flags=SA_RESTART|SA_SIGINFO, unblocked
   SIGUSR2: SR_handler in libjvm.so, mask=00000000000000000000000000000000, flags=SA_RESTART|SA_SIGINFO, blocked
    SIGHUP: UserHandler in libjvm.so, mask=11100100010111111101111111111110, flags=SA_RESTART|SA_SIGINFO, blocked
    SIGINT: UserHandler in libjvm.so, mask=11100100010111111101111111111110, flags=SA_RESTART|SA_SIGINFO, blocked
   SIGTERM: UserHandler in libjvm.so, mask=11100100010111111101111111111110, flags=SA_RESTART|SA_SIGINFO, blocked
   SIGQUIT: UserHandler in libjvm.so, mask=11100100010111111101111111111110, flags=SA_RESTART|SA_SIGINFO, blocked
   SIGTRAP: crash_handler in libjvm.so, mask=11100100010111111101111111111110, flags=SA_RESTART|SA_SIGINFO, unblocked


---------------  S Y S T E M  ---------------

OS:
PRETTY_NAME="Debian GNU/Linux 12 (bookworm)"
NAME="Debian GNU/Linux"
VERSION_ID="12"
VERSION="12 (bookworm)"
VERSION_CODENAME=bookworm
ID=debian
HOME_URL="https://www.debian.org/"
SUPPORT_URL="https://www.debian.org/support"
BUG_REPORT_URL="https://bugs.debian.org/"
uname: Linux 5.15.90.1-microsoft-standard-WSL2 #1 SMP Fri Jan 27 02:56:13 UTC 2023 x86_64
OS uptime: 0 days 0:00 hours
libc: glibc 2.36 NPTL 2.36 
rlimit (soft/hard): STACK 8192k/infinity , CORE 0k/infinity , NPROC 30558/30558 , NOFILE 1048576/1048576 , AS infinity/infinity , CPU infinity/infinity , DATA infinity/infinity , FSIZE infinity/infinity , MEMLOCK 65536k/65536k
load average: 0.55 0.13 0.04

/proc/meminfo:
MemTotal:        7829440 kB
MemFree:         5899696 kB
MemAvailable:    6162404 kB
Buffers:           64044 kB
Cached:           400488 kB
SwapCached:            0 kB
Active:           127692 kB
Inactive:        1464660 kB
Active(anon):       2108 kB
Inactive(anon):  1128544 kB
Active(file):     125584 kB
Inactive(file):   336116 kB
Unevictable:           0 kB
Mlocked:               0 kB
SwapTotal:       2097152 kB
SwapFree:        2097152 kB
Dirty:              7072 kB
Writeback:            12 kB
AnonPages:       1124876 kB
Mapped:           175804 kB
Shmem:              2792 kB
KReclaimable:      32216 kB
Slab:              84960 kB
SReclaimable:      32216 kB
SUnreclaim:        52744 kB
KernelStack:        6272 kB
PageTables:        14844 kB
NFS_Unstable:          0 kB
Bounce:                0 kB
WritebackTmp:          0 kB
CommitLimit:     6011872 kB
Committed_AS:    2195076 kB
VmallocTotal:   34359738367 kB
VmallocUsed:       27124 kB
VmallocChunk:          0 kB
Percpu:             3040 kB
AnonHugePages:    331776 kB
ShmemHugePages:        0 kB
ShmemPmdMapped:        0 kB
FileHugePages:         0 kB
FilePmdMapped:         0 kB
HugePages_Total:       0
HugePages_Free:        0
HugePages_Rsvd:        0
HugePages_Surp:        0
Hugepagesize:       2048 kB
Hugetlb:               0 kB
DirectMap4k:       58368 kB
DirectMap2M:     4872192 kB
DirectMap1G:    11534336 kB

/sys/kernel/mm/transparent_hugepage/enabled: [always] madvise never
/sys/kernel/mm/transparent_hugepage/defrag (defrag/compaction efforts parameter): always defer defer+madvise [madvise] never

Process Memory:
Virtual Size: 5008820K (peak: 5008820K)
Resident Set Size: 181592K (peak: 181592K) (anon: 151740K, file: 29852K, shmem: 0K)
Swapped out: 0K
C-Heap outstanding allocations: 72522K, retained: 22645K
glibc malloc tunables: (default)

/proc/sys/kernel/threads-max (system-wide limit on the number of threads): 61116
/proc/sys/vm/max_map_count (maximum number of memory map areas a process may have): 65530
/proc/sys/kernel/pid_max (system-wide limit on number of process identifiers): 4194304

container (cgroup) information:
container_type: cgroupv1
cpu_cpuset_cpus: 0-7
cpu_memory_nodes: 0
active_processor_count: 8
cpu_quota: no quota
cpu_period: 100000
cpu_shares: no shares
memory_limit_in_bytes: unlimited
memory_and_swap_limit_in_bytes: unlimited
memory_soft_limit_in_bytes: unlimited
memory_usage_in_bytes: 1590228 k
memory_max_usage_in_bytes: 570296 k
kernel_memory_usage_in_bytes: 12080 k
kernel_memory_max_usage_in_bytes: unlimited
kernel_memory_limit_in_bytes: 17332 k
maximum number of tasks: not supported
current number of tasks: not supported

Hyper-V virtualization detected
Steal ticks since vm start: 0
Steal ticks percentage since vm start:  0.000

CPU: total 8 (initial active 8) (4 cores per cpu, 2 threads per core) family 6 model 140 stepping 1 microcode 0xffffffff, cx8, cmov, fxsr, ht, mmx, 3dnowpref, sse, sse2, sse3, ssse3, sse4.1, sse4.2, popcnt, lzcnt, tsc, tscinvbit, avx, avx2, aes, erms, clmul, bmi1, bmi2, adx, avx512f, avx512dq, avx512cd, avx512bw, avx512vl, sha, fma, vzeroupper, avx512_vpopcntdq, avx512_vpclmulqdq, avx512_vaes, avx512_vnni, clflush, clflushopt, clwb, avx512_vbmi2, avx512_vbmi, hv
CPU Model and flags from /proc/cpuinfo:
model name	: 11th Gen Intel(R) Core(TM) i7-1165G7 @ 2.80GHz
flags		: fpu vme de pse tsc msr pae mce cx8 apic sep mtrr pge mca cmov pat pse36 clflush mmx fxsr sse sse2 ss ht syscall nx pdpe1gb rdtscp lm constant_tsc arch_perfmon rep_good nopl xtopology tsc_reliable nonstop_tsc cpuid pni pclmulqdq ssse3 fma cx16 pdcm pcid sse4_1 sse4_2 movbe popcnt aes xsave avx f16c rdrand hypervisor lahf_lm abm 3dnowprefetch invpcid_single ssbd ibrs ibpb stibp ibrs_enhanced fsgsbase bmi1 avx2 smep bmi2 erms invpcid avx512f avx512dq rdseed adx smap avx512ifma clflushopt clwb avx512cd sha_ni avx512bw avx512vl xsaveopt xsavec xgetbv1 xsaves avx512vbmi umip avx512_vbmi2 gfni vaes vpclmulqdq avx512_vnni avx512_bitalg avx512_vpopcntdq rdpid fsrm avx512_vp2intersect flush_l1d arch_capabilities

Online cpus: 0-7
Offline cpus: 
BIOS frequency limitation: <Not Available>
Frequency switch latency (ns): <Not Available>
Available cpu frequencies: <Not Available>
Current governor: <Not Available>
Core performance/turbo boost: <Not Available>

Memory: 4k page, physical 7829440k(5899444k free), swap 2097152k(2097152k free)
Page Sizes: 4k

vm_info: OpenJDK 64-Bit Server VM (17.0.8.1+1) for linux-amd64 JRE (17.0.8.1+1), built on Aug 24 2023 00:00:00 by "admin" with gcc 10.3.0

END.
